2025-03-26 18:19:28 [INFO]: Request: GET /users/67b73ccff9abd4290f863a3d/profile | Response: 304 | Duration: 49ms
2025-03-26 18:19:28 [INFO]: Request: GET /users/67b73ccff9abd4290f863a3d/notifications/count | Response: 304 | Duration: 93ms
2025-03-27 00:16:08 [WARN]: Request: GET /users/67b73ccff9abd4290f863a3d/bookings?page=1 | Response: 401 | Duration: 1ms
2025-03-27 00:16:08 [INFO]: Request: POST /users/refresh-token | Response: 200 | Duration: 7ms
2025-03-27 00:16:09 [INFO]: Request: GET /users/67b73ccff9abd4290f863a3d/bookings?page=1 | Response: 304 | Duration: 528ms
2025-03-27 00:16:10 [INFO]: Request: GET /users/67b73ccff9abd4290f863a3d/profile | Response: 304 | Duration: 43ms
2025-03-27 00:26:45 [WARN]: Request: GET /users/67b73ccff9abd4290f863a3d/notifications?page=1 | Response: 401 | Duration: 2ms
2025-03-27 00:26:45 [INFO]: Request: POST /users/refresh-token | Response: 200 | Duration: 4ms
2025-03-27 00:26:45 [INFO]: Request: GET /users/67b73ccff9abd4290f863a3d/notifications?page=1 | Response: 304 | Duration: 122ms
2025-03-27 00:26:45 [INFO]: Request: GET /users/sign-out | Response: 304 | Duration: 0ms
2025-03-27 01:46:47 [INFO]: Request: PATCH /users/o-auth?code=4/0AQSTgQHJ0j74Tsr3SmjrEO9xOYT9G88RCjo2kcbfSYQYTOK9OEe6QY-LyFUT3GQwXGx7DA | Response: 200 | Duration: 503ms
2025-03-27 01:46:47 [INFO]: Request: GET /users/67b754b3f9abd4290f863aa6/profile | Response: 304 | Duration: 38ms
2025-03-27 03:14:02 [WARN]: Request: GET /users/67b754b3f9abd4290f863aa6/notifications/count | Response: 401 | Duration: 0ms
2025-03-27 03:14:02 [INFO]: Request: GET /users/67b754b3f9abd4290f863aa6/profile | Response: 304 | Duration: 38ms
2025-03-27 03:14:02 [INFO]: Request: POST /users/refresh-token | Response: 200 | Duration: 3ms
2025-03-27 03:14:02 [INFO]: Request: GET /users/67b754b3f9abd4290f863aa6/notifications/count | Response: 304 | Duration: 75ms
2025-03-27 03:14:41 [INFO]: Request: GET /users/67b754b3f9abd4290f863aa6/notifications/count | Response: 304 | Duration: 76ms
2025-03-27 03:14:41 [INFO]: Request: GET /users/67b754b3f9abd4290f863aa6/profile | Response: 304 | Duration: 355ms
2025-03-27 03:15:05 [INFO]: Request: GET /users/67b754b3f9abd4290f863aa6/profile | Response: 304 | Duration: 38ms
2025-03-27 03:15:06 [INFO]: Request: GET /users/67b754b3f9abd4290f863aa6/notifications/count | Response: 304 | Duration: 75ms
2025-03-27 03:47:33 [WARN]: Request: GET /users/67b754b3f9abd4290f863aa6/notifications/count | Response: 401 | Duration: 0ms
2025-03-27 03:47:33 [INFO]: Request: GET /users/67b754b3f9abd4290f863aa6/profile | Response: 304 | Duration: 38ms
2025-03-27 03:47:33 [INFO]: Request: POST /users/refresh-token | Response: 200 | Duration: 4ms
2025-03-27 03:47:33 [INFO]: Request: GET /users/67b754b3f9abd4290f863aa6/notifications/count | Response: 304 | Duration: 76ms
2025-03-27 03:50:08 [INFO]: Request: GET /users/67b754b3f9abd4290f863aa6/profile | Response: 304 | Duration: 37ms
2025-03-27 03:50:20 [INFO]: Request: GET /users/67b754b3f9abd4290f863aa6/profile | Response: 304 | Duration: 38ms
2025-03-27 04:23:27 [INFO]: Request: GET /users/67b754b3f9abd4290f863aa6/profile | Response: 304 | Duration: 38ms
2025-03-27 04:25:24 [WARN]: Request: GET /users/67b754b3f9abd4290f863aa6/notifications/count | Response: 401 | Duration: 1ms
2025-03-27 04:25:24 [INFO]: Request: GET /users/67b754b3f9abd4290f863aa6/profile | Response: 304 | Duration: 39ms
2025-03-27 04:25:25 [INFO]: Request: POST /users/refresh-token | Response: 200 | Duration: 6ms
2025-03-27 04:25:25 [INFO]: Request: GET /users/67b754b3f9abd4290f863aa6/notifications/count | Response: 304 | Duration: 78ms
2025-03-27 04:25:59 [INFO]: Request: GET /users/67b754b3f9abd4290f863aa6/profile | Response: 304 | Duration: 38ms
2025-03-27 04:25:59 [INFO]: Request: GET /users/67b754b3f9abd4290f863aa6/notifications/count | Response: 304 | Duration: 81ms
2025-03-27 04:26:40 [INFO]: Request: GET /users/67b754b3f9abd4290f863aa6/profile | Response: 304 | Duration: 38ms
2025-03-27 04:26:40 [INFO]: Request: GET /users/67b754b3f9abd4290f863aa6/notifications/count | Response: 304 | Duration: 75ms
2025-03-27 04:29:48 [INFO]: Request: GET /users/67b754b3f9abd4290f863aa6/bookings?page=1 | Response: 304 | Duration: 122ms
2025-03-27 04:30:03 [INFO]: Request: GET /providers/services | Response: 304 | Duration: 48ms
2025-03-27 04:30:04 [INFO]: Request: GET /users/67b754b3f9abd4290f863aa6/profile | Response: 304 | Duration: 37ms
2025-03-27 04:33:06 [INFO]: Request: GET /users/67b754b3f9abd4290f863aa6/profile | Response: 304 | Duration: 38ms
2025-03-27 04:33:12 [WARN]: Request: GET /users/67b754b3f9abd4290f863aa6/notifications/count | Response: 401 | Duration: 2ms
2025-03-27 04:33:12 [INFO]: Request: GET /users/67b754b3f9abd4290f863aa6/profile | Response: 304 | Duration: 37ms
2025-03-27 04:33:12 [INFO]: Request: POST /users/refresh-token | Response: 200 | Duration: 6ms
2025-03-27 04:33:12 [INFO]: Request: GET /users/67b754b3f9abd4290f863aa6/notifications/count | Response: 304 | Duration: 77ms
2025-03-27 04:33:45 [INFO]: Request: GET /users/67b754b3f9abd4290f863aa6/profile | Response: 304 | Duration: 40ms
2025-03-27 04:33:53 [INFO]: Request: GET /users/67b754b3f9abd4290f863aa6/profile | Response: 304 | Duration: 69ms
2025-03-27 04:34:54 [WARN]: Request: GET /admins/revenue?period=weekly | Response: 401 | Duration: 2ms
2025-03-27 04:34:54 [INFO]: Request: POST /admins/refresh-token | Response: 200 | Duration: 6ms
2025-03-27 04:34:54 [INFO]: Request: GET /admins/revenue?period=weekly | Response: 304 | Duration: 43ms
2025-03-27 04:34:55 [INFO]: Request: GET /admins/revenue?period=yearly | Response: 304 | Duration: 38ms
2025-03-27 04:34:56 [INFO]: Request: GET /admins/revenue?period=weekly | Response: 304 | Duration: 40ms
2025-03-27 04:34:56 [INFO]: Request: GET /admins/revenue?period=monthly | Response: 304 | Duration: 38ms
2025-03-27 04:35:04 [INFO]: Request: GET /admins/providers?page=1&search=&filter=All | Response: 304 | Duration: 80ms
2025-03-27 04:35:06 [INFO]: Request: GET /admins/approvals?page=1 | Response: 304 | Duration: 79ms
2025-03-27 04:35:07 [INFO]: Request: GET /admins/reports?page=1 | Response: 200 | Duration: 80ms
2025-03-27 04:35:08 [INFO]: Request: GET /admins/sign-out | Response: 304 | Duration: 1ms
2025-03-27 04:37:47 [INFO]: Request: GET /users/67b754b3f9abd4290f863aa6/profile | Response: 304 | Duration: 38ms
2025-03-27 04:37:53 [INFO]: Request: GET /users/67b754b3f9abd4290f863aa6/profile | Response: 304 | Duration: 43ms
2025-03-27 04:37:53 [INFO]: Request: GET /users/67b754b3f9abd4290f863aa6/notifications/count | Response: 304 | Duration: 74ms
2025-03-27 04:39:29 [WARN]: Request: GET /users/67b754b3f9abd4290f863aa6/notifications/count | Response: 401 | Duration: 2ms
2025-03-27 04:39:29 [INFO]: Request: GET /users/67b754b3f9abd4290f863aa6/profile | Response: 304 | Duration: 38ms
2025-03-27 04:39:30 [INFO]: Request: POST /users/refresh-token | Response: 200 | Duration: 5ms
2025-03-27 04:39:30 [INFO]: Request: GET /users/67b754b3f9abd4290f863aa6/notifications/count | Response: 304 | Duration: 75ms
2025-03-27 04:39:32 [INFO]: Request: GET /users/67b754b3f9abd4290f863aa6/profile | Response: 304 | Duration: 40ms
2025-03-27 04:39:32 [INFO]: Request: GET /users/67b754b3f9abd4290f863aa6/notifications/count | Response: 304 | Duration: 75ms
2025-03-27 04:39:50 [INFO]: Request: GET /users/67b754b3f9abd4290f863aa6/profile | Response: 304 | Duration: 39ms
2025-03-27 04:39:50 [INFO]: Request: GET /users/67b754b3f9abd4290f863aa6/notifications/count | Response: 304 | Duration: 77ms
2025-03-27 04:40:32 [INFO]: Request: GET /users/67b754b3f9abd4290f863aa6/profile | Response: 304 | Duration: 58ms
2025-03-27 04:40:32 [INFO]: Request: GET /users/67b754b3f9abd4290f863aa6/notifications/count | Response: 304 | Duration: 106ms
2025-03-27 04:40:41 [INFO]: Request: GET /users/67b754b3f9abd4290f863aa6/profile | Response: 304 | Duration: 38ms
2025-03-27 04:40:41 [INFO]: Request: GET /users/67b754b3f9abd4290f863aa6/notifications/count | Response: 304 | Duration: 76ms
2025-03-27 04:40:42 [INFO]: Request: GET /users/67b754b3f9abd4290f863aa6/profile | Response: 304 | Duration: 40ms
2025-03-27 04:40:42 [INFO]: Request: GET /users/67b754b3f9abd4290f863aa6/notifications/count | Response: 304 | Duration: 77ms
2025-03-27 04:40:50 [INFO]: Request: GET /users/67b754b3f9abd4290f863aa6/profile | Response: 304 | Duration: 37ms
2025-03-27 04:40:50 [INFO]: Request: GET /users/67b754b3f9abd4290f863aa6/notifications/count | Response: 304 | Duration: 74ms
2025-03-27 04:40:57 [INFO]: Request: GET /users/67b754b3f9abd4290f863aa6/profile | Response: 304 | Duration: 40ms
2025-03-27 04:40:57 [INFO]: Request: GET /users/67b754b3f9abd4290f863aa6/notifications/count | Response: 304 | Duration: 91ms
2025-03-27 04:41:22 [INFO]: Request: GET /users/67b754b3f9abd4290f863aa6/bookings?page=1 | Response: 304 | Duration: 113ms
2025-03-27 04:41:24 [INFO]: Request: GET /users/67b754b3f9abd4290f863aa6/profile | Response: 304 | Duration: 38ms
2025-03-27 04:46:21 [WARN]: Request: GET /users/67b754b3f9abd4290f863aa6/bookings?page=1 | Response: 401 | Duration: 2ms
2025-03-27 04:46:21 [INFO]: Request: POST /users/refresh-token | Response: 200 | Duration: 4ms
2025-03-27 04:46:21 [INFO]: Request: GET /users/67b754b3f9abd4290f863aa6/bookings?page=1 | Response: 304 | Duration: 117ms
2025-03-27 04:47:25 [INFO]: Request: GET /users/67b754b3f9abd4290f863aa6/bookings?page=1 | Response: 304 | Duration: 111ms
2025-03-27 04:51:30 [INFO]: Request: POST /admins/sign-in | Response: 200 | Duration: 176ms
2025-03-27 04:51:30 [INFO]: Request: GET /admins/revenue?period=monthly | Response: 304 | Duration: 40ms
2025-03-27 04:51:30 [INFO]: Request: GET /admins/dashboard | Response: 304 | Duration: 131ms
2025-03-27 04:51:42 [INFO]: Request: GET /admins/revenue?period=weekly | Response: 304 | Duration: 40ms
2025-03-27 04:51:42 [INFO]: Request: GET /admins/revenue?period=yearly | Response: 304 | Duration: 40ms
2025-03-27 04:51:43 [INFO]: Request: GET /admins/revenue?period=weekly | Response: 304 | Duration: 39ms
2025-03-27 04:51:47 [INFO]: Request: GET /admins/revenue?period=monthly | Response: 304 | Duration: 40ms
2025-03-27 04:51:48 [INFO]: Request: GET /admins/revenue?period=yearly | Response: 304 | Duration: 41ms
2025-03-27 04:51:49 [INFO]: Request: GET /admins/revenue?period=monthly | Response: 304 | Duration: 39ms
2025-03-27 04:53:29 [INFO]: Request: GET /users/67b754b3f9abd4290f863aa6/profile | Response: 304 | Duration: 64ms
2025-03-27 04:53:30 [WARN]: Request: GET /users/67b754b3f9abd4290f863aa6/bookings?page=1 | Response: 401 | Duration: 5ms
2025-03-27 04:53:30 [INFO]: Request: POST /users/refresh-token | Response: 200 | Duration: 8ms
2025-03-27 04:53:30 [INFO]: Request: GET /users/67b754b3f9abd4290f863aa6/bookings?page=1 | Response: 304 | Duration: 138ms
2025-03-27 04:53:35 [INFO]: Request: GET /users/67b754b3f9abd4290f863aa6/notifications/count | Response: 304 | Duration: 90ms
2025-03-27 04:53:35 [INFO]: Request: GET /users/67b754b3f9abd4290f863aa6/bookings?page=1 | Response: 304 | Duration: 123ms
2025-03-27 04:54:43 [INFO]: Request: GET /users/bookings/67b876bffdfa50ef998bf84c | Response: 200 | Duration: 83ms
2025-03-27 04:54:44 [INFO]: Request: GET /users/67b754b3f9abd4290f863aa6/bookings?page=1 | Response: 304 | Duration: 111ms
2025-03-27 04:57:10 [INFO]: Request: GET /admins/sign-out | Response: 304 | Duration: 2ms
2025-03-27 04:57:37 [INFO]: Request: POST /providers/sign-in | Response: 200 | Duration: 124ms
2025-03-27 04:57:37 [INFO]: Request: GET /providers/services | Response: 304 | Duration: 46ms
2025-03-27 04:57:37 [INFO]: Request: GET /providers/67c979a26650975a0ea51294/profile | Response: 304 | Duration: 72ms
2025-03-27 04:57:45 [INFO]: Request: GET /providers/67c979a26650975a0ea51294/dashboard?revenueBy=monthly&hoursBy=daily | Response: 304 | Duration: 80ms
2025-03-27 04:57:48 [INFO]: Request: GET /providers/services | Response: 304 | Duration: 40ms
2025-03-27 04:57:48 [INFO]: Request: GET /providers/67c979a26650975a0ea51294/profile | Response: 304 | Duration: 90ms
2025-03-27 04:57:48 [WARN]: Request: GET /providers/67c979a26650975a0ea51294/schedules?date=2025-03-26 | Response: 404 | Duration: 89ms
2025-03-27 04:57:49 [INFO]: Request: GET /providers/67c979a26650975a0ea51294/bookings?page=1 | Response: 304 | Duration: 133ms
2025-03-27 04:57:55 [INFO]: Request: GET /providers/services | Response: 304 | Duration: 39ms
2025-03-27 04:57:55 [INFO]: Request: GET /providers/67c979a26650975a0ea51294/profile | Response: 304 | Duration: 88ms
2025-03-27 04:58:01 [INFO]: Request: GET /users/67b754b3f9abd4290f863aa6/profile | Response: 304 | Duration: 44ms
2025-03-27 04:58:02 [INFO]: Request: GET /providers/services | Response: 304 | Duration: 46ms
2025-03-27 04:58:04 [INFO]: Request: GET /users/67b754b3f9abd4290f863aa6/notifications?page=1 | Response: 304 | Duration: 132ms
2025-03-27 04:58:05 [INFO]: Request: GET /users/67b754b3f9abd4290f863aa6/bookings?page=1 | Response: 304 | Duration: 130ms
2025-03-27 04:58:06 [INFO]: Request: GET /providers/67c979a26650975a0ea51294/bookings?page=1 | Response: 304 | Duration: 137ms
2025-03-27 05:02:35 [WARN]: Request: GET /users/67b754b3f9abd4290f863aa6/bookings?page=1 | Response: 401 | Duration: 2ms
2025-03-27 05:02:35 [INFO]: Request: POST /users/refresh-token | Response: 200 | Duration: 6ms
2025-03-27 05:02:35 [INFO]: Request: GET /users/67b754b3f9abd4290f863aa6/bookings?page=1 | Response: 304 | Duration: 134ms
2025-03-27 05:02:36 [INFO]: Request: GET /providers/67c979a26650975a0ea51294/bookings?page=1 | Response: 304 | Duration: 134ms
2025-03-27 05:02:39 [INFO]: Request: GET /users/67b754b3f9abd4290f863aa6/bookings?page=1 | Response: 304 | Duration: 142ms
2025-03-27 05:02:40 [WARN]: Request: GET /providers/67c979a26650975a0ea51294/bookings?page=1 | Response: 401 | Duration: 3ms
2025-03-27 05:02:40 [INFO]: Request: POST /providers/refresh-token | Response: 200 | Duration: 4ms
2025-03-27 05:02:40 [INFO]: Request: GET /providers/67c979a26650975a0ea51294/bookings?page=1 | Response: 304 | Duration: 134ms
2025-03-27 05:03:01 [INFO]: Request: GET /users/67b754b3f9abd4290f863aa6/bookings?page=1 | Response: 304 | Duration: 132ms
2025-03-27 05:03:02 [INFO]: Request: GET /providers/67c979a26650975a0ea51294/bookings?page=1 | Response: 304 | Duration: 135ms
2025-03-27 05:44:15 [WARN]: Request: GET /users/67b754b3f9abd4290f863aa6/bookings?page=1 | Response: 401 | Duration: 1ms
2025-03-27 05:44:15 [INFO]: Request: POST /users/refresh-token | Response: 200 | Duration: 8ms
2025-03-27 05:44:15 [INFO]: Request: GET /users/67b754b3f9abd4290f863aa6/bookings?page=1 | Response: 304 | Duration: 130ms
2025-03-27 05:44:15 [WARN]: Request: GET /providers/67c979a26650975a0ea51294/bookings?page=1 | Response: 401 | Duration: 1ms
2025-03-27 05:44:15 [INFO]: Request: POST /providers/refresh-token | Response: 200 | Duration: 3ms
2025-03-27 05:44:15 [INFO]: Request: GET /providers/67c979a26650975a0ea51294/bookings?page=1 | Response: 304 | Duration: 132ms
2025-03-27 05:44:18 [INFO]: Request: GET /users/67b754b3f9abd4290f863aa6/profile | Response: 304 | Duration: 44ms
2025-03-27 05:44:19 [INFO]: Request: GET /users/67b754b3f9abd4290f863aa6/bookings?page=1 | Response: 304 | Duration: 155ms
2025-03-27 05:44:23 [INFO]: Request: GET /providers/services | Response: 304 | Duration: 42ms
2025-03-27 05:44:35 [INFO]: Request: GET /users/67b754b3f9abd4290f863aa6/bookings?page=1 | Response: 304 | Duration: 131ms
2025-03-27 05:45:35 [INFO]: Request: GET /users/67b754b3f9abd4290f863aa6/notifications/count | Response: 304 | Duration: 89ms
2025-03-27 05:45:35 [INFO]: Request: GET /users/67b754b3f9abd4290f863aa6/bookings?page=1 | Response: 304 | Duration: 107ms
2025-03-27 05:52:34 [WARN]: Request: GET /users/67b754b3f9abd4290f863aa6/notifications/count | Response: 401 | Duration: 3ms
2025-03-27 05:52:34 [WARN]: Request: GET /providers/67c979a26650975a0ea51294/notifications/count | Response: 401 | Duration: 3ms
2025-03-27 05:52:34 [WARN]: Request: GET /users/67b754b3f9abd4290f863aa6/bookings?page=1 | Response: 401 | Duration: 3ms
2025-03-27 05:52:34 [WARN]: Request: GET /providers/67c979a26650975a0ea51294/bookings?page=1 | Response: 401 | Duration: 1ms
2025-03-27 05:52:34 [INFO]: Request: POST /providers/refresh-token | Response: 200 | Duration: 6ms
2025-03-27 05:52:34 [INFO]: Request: POST /users/refresh-token | Response: 200 | Duration: 5ms
2025-03-27 05:52:34 [INFO]: Request: POST /providers/refresh-token | Response: 200 | Duration: 3ms
2025-03-27 05:52:34 [INFO]: Request: POST /users/refresh-token | Response: 200 | Duration: 4ms
2025-03-27 05:52:34 [INFO]: Request: GET /providers/67c979a26650975a0ea51294/notifications/count | Response: 200 | Duration: 73ms
2025-03-27 05:52:34 [INFO]: Request: GET /users/67b754b3f9abd4290f863aa6/notifications/count | Response: 304 | Duration: 87ms
2025-03-27 05:52:34 [INFO]: Request: GET /users/67b754b3f9abd4290f863aa6/bookings?page=1 | Response: 304 | Duration: 106ms
2025-03-27 05:52:34 [INFO]: Request: GET /providers/67c979a26650975a0ea51294/bookings?page=1 | Response: 304 | Duration: 116ms
2025-03-27 05:53:08 [INFO]: Request: GET /users/67b754b3f9abd4290f863aa6/bookings?page=1 | Response: 304 | Duration: 121ms
2025-03-27 05:53:08 [INFO]: Request: GET /providers/67c979a26650975a0ea51294/bookings?page=1 | Response: 304 | Duration: 118ms
2025-03-27 05:53:34 [INFO]: Request: GET /users/bookings/67b876bffdfa50ef998bf84c | Response: 304 | Duration: 79ms
2025-03-27 09:07:04 [WARN]: Request: GET /users/bookings/67b876bffdfa50ef998bf84c | Response: 401 | Duration: 1ms
2025-03-27 09:07:04 [INFO]: Request: POST /users/refresh-token | Response: 200 | Duration: 3ms
2025-03-27 09:07:04 [INFO]: Request: GET /users/bookings/67b876bffdfa50ef998bf84c | Response: 304 | Duration: 389ms
2025-03-27 09:08:29 [INFO]: Request: GET /users/bookings/67b876bffdfa50ef998bf84c | Response: 304 | Duration: 81ms
2025-03-27 09:09:11 [INFO]: Request: GET /users/bookings/67b876bffdfa50ef998bf84c | Response: 304 | Duration: 85ms
2025-03-27 09:09:20 [INFO]: Request: GET /users/67b754b3f9abd4290f863aa6/notifications/count | Response: 304 | Duration: 89ms
2025-03-27 09:09:20 [INFO]: Request: GET /users/bookings/67b876bffdfa50ef998bf84c | Response: 304 | Duration: 375ms
2025-03-27 09:16:42 [WARN]: Request: GET /users/bookings/67b876bffdfa50ef998bf84c | Response: 401 | Duration: 2ms
2025-03-27 09:16:42 [INFO]: Request: POST /users/refresh-token | Response: 200 | Duration: 6ms
2025-03-27 09:16:42 [INFO]: Request: GET /users/bookings/67b876bffdfa50ef998bf84c | Response: 304 | Duration: 67ms
2025-03-27 10:30:32 [WARN]: Request: GET /users/bookings/67b876bffdfa50ef998bf84c | Response: 401 | Duration: 1ms
2025-03-27 10:30:32 [INFO]: Request: POST /users/refresh-token | Response: 200 | Duration: 5ms
2025-03-27 10:30:32 [INFO]: Request: GET /users/bookings/67b876bffdfa50ef998bf84c | Response: 304 | Duration: 83ms
2025-03-27 10:37:34 [WARN]: Request: GET /users/67b754b3f9abd4290f863aa6/notifications/count | Response: 401 | Duration: 3ms
2025-03-27 10:37:34 [WARN]: Request: GET /users/bookings/67b876bffdfa50ef998bf84c | Response: 401 | Duration: 2ms
2025-03-27 10:37:34 [INFO]: Request: POST /users/refresh-token | Response: 200 | Duration: 7ms
2025-03-27 10:37:34 [INFO]: Request: POST /users/refresh-token | Response: 200 | Duration: 8ms
2025-03-27 10:37:34 [INFO]: Request: GET /users/67b754b3f9abd4290f863aa6/notifications/count | Response: 304 | Duration: 70ms
2025-03-27 10:37:34 [INFO]: Request: GET /users/bookings/67b876bffdfa50ef998bf84c | Response: 304 | Duration: 82ms
2025-03-27 10:40:27 [INFO]: Request: GET /users/67b754b3f9abd4290f863aa6/bookings?page=1 | Response: 304 | Duration: 133ms
2025-03-27 10:40:28 [INFO]: Request: GET /users/67b754b3f9abd4290f863aa6/profile | Response: 304 | Duration: 39ms
2025-03-27 10:40:29 [INFO]: Request: GET /users/67b754b3f9abd4290f863aa6/bookings?page=1 | Response: 304 | Duration: 110ms
2025-03-27 10:40:30 [INFO]: Request: GET /users/67b754b3f9abd4290f863aa6/profile | Response: 304 | Duration: 36ms
2025-03-27 10:40:34 [INFO]: Request: GET /providers/services | Response: 304 | Duration: 41ms
2025-03-27 11:28:17 [WARN]: Request: GET /users/67b754b3f9abd4290f863aa6/notifications/count | Response: 401 | Duration: 8ms
2025-03-27 11:28:17 [INFO]: Request: GET /providers/services | Response: 304 | Duration: 76ms
2025-03-27 11:28:17 [INFO]: Request: POST /users/refresh-token | Response: 200 | Duration: 25ms
2025-03-27 11:28:18 [INFO]: Request: GET /users/67b754b3f9abd4290f863aa6/notifications/count | Response: 304 | Duration: 108ms
2025-03-27 11:28:35 [INFO]: Request: GET /providers/services | Response: 304 | Duration: 40ms
2025-03-27 11:28:35 [INFO]: Request: GET /users/67b754b3f9abd4290f863aa6/notifications/count | Response: 304 | Duration: 76ms
2025-03-27 11:29:08 [INFO]: Request: GET /users/67b754b3f9abd4290f863aa6/profile | Response: 304 | Duration: 39ms
2025-03-27 11:29:09 [INFO]: Request: GET /users/67b754b3f9abd4290f863aa6/bookings?page=1 | Response: 304 | Duration: 127ms
2025-03-27 11:29:10 [INFO]: Request: GET /providers/services | Response: 304 | Duration: 40ms
2025-03-27 11:29:21 [INFO]: Request: GET /providers/services | Response: 304 | Duration: 72ms
2025-03-27 11:29:29 [INFO]: Request: GET /providers/services | Response: 304 | Duration: 40ms
2025-03-27 11:31:53 [INFO]: Request: GET /providers/services | Response: 304 | Duration: 44ms
2025-03-27 12:42:33 [INFO]: Request: GET /providers/services | Response: 304 | Duration: 378ms
2025-03-27 12:42:35 [INFO]: Request: GET /users/67b754b3f9abd4290f863aa6/profile | Response: 304 | Duration: 38ms
2025-03-27 12:42:36 [WARN]: Request: GET /users/67b754b3f9abd4290f863aa6/bookings?page=1 | Response: 401 | Duration: 1ms
2025-03-27 12:42:36 [INFO]: Request: POST /users/refresh-token | Response: 200 | Duration: 4ms
2025-03-27 12:42:36 [INFO]: Request: GET /users/67b754b3f9abd4290f863aa6/bookings?page=1 | Response: 304 | Duration: 113ms
2025-03-27 12:42:42 [INFO]: Request: GET /providers/services | Response: 304 | Duration: 36ms
2025-03-27 12:43:59 [INFO]: Request: GET /users/67b754b3f9abd4290f863aa6/notifications/count | Response: 304 | Duration: 74ms
2025-03-27 12:44:00 [INFO]: Request: GET /providers/services | Response: 304 | Duration: 612ms
2025-03-27 12:44:41 [INFO]: Request: GET /users/67b754b3f9abd4290f863aa6/profile | Response: 304 | Duration: 39ms
2025-03-27 12:44:42 [INFO]: Request: GET /users/67b754b3f9abd4290f863aa6/bookings?page=1 | Response: 304 | Duration: 106ms
2025-03-27 12:44:43 [INFO]: Request: GET /providers/services | Response: 304 | Duration: 35ms
2025-03-27 12:44:49 [INFO]: Request: GET /providers/services | Response: 304 | Duration: 42ms
2025-03-27 12:44:49 [INFO]: Request: GET /users/67b754b3f9abd4290f863aa6/notifications/count | Response: 304 | Duration: 70ms
2025-03-27 12:45:10 [INFO]: Request: GET /users/67b754b3f9abd4290f863aa6/bookings?page=1 | Response: 304 | Duration: 110ms
2025-03-27 12:45:19 [INFO]: Request: GET /providers/services | Response: 304 | Duration: 35ms
2025-03-27 12:45:25 [INFO]: Request: GET /users/67b754b3f9abd4290f863aa6/bookings?page=1 | Response: 304 | Duration: 106ms
2025-03-27 12:45:33 [INFO]: Request: GET /providers/services | Response: 304 | Duration: 36ms
2025-03-27 12:45:35 [INFO]: Request: GET /users/67b754b3f9abd4290f863aa6/bookings?page=1 | Response: 304 | Duration: 106ms
2025-03-27 12:45:50 [INFO]: Request: GET /providers/services | Response: 304 | Duration: 40ms
2025-03-27 12:46:43 [INFO]: Request: GET /providers/services | Response: 304 | Duration: 37ms
2025-03-27 12:46:53 [INFO]: Request: GET /users/67b754b3f9abd4290f863aa6/profile | Response: 304 | Duration: 38ms
2025-03-27 12:46:57 [INFO]: Request: GET /users/67b754b3f9abd4290f863aa6/bookings?page=1 | Response: 304 | Duration: 105ms
2025-03-27 12:47:09 [INFO]: Request: GET /users/67b754b3f9abd4290f863aa6/bookings?page=1 | Response: 304 | Duration: 106ms
2025-03-27 12:47:14 [INFO]: Request: GET /providers/services | Response: 304 | Duration: 36ms
2025-03-27 12:47:22 [INFO]: Request: GET /users/67b754b3f9abd4290f863aa6/bookings?page=1 | Response: 304 | Duration: 107ms
2025-03-27 12:47:23 [INFO]: Request: GET /users/bookings/67b876bffdfa50ef998bf84c | Response: 304 | Duration: 79ms
2025-03-27 12:47:37 [WARN]: Request: GET /users/67b754b3f9abd4290f863aa6/addresses | Response: 401 | Duration: 2ms
2025-03-27 12:47:37 [INFO]: Request: POST /users/refresh-token | Response: 200 | Duration: 6ms
2025-03-27 12:47:37 [INFO]: Request: GET /users/67b754b3f9abd4290f863aa6/addresses | Response: 304 | Duration: 76ms
2025-03-27 12:49:32 [INFO]: Request: GET /users/67b754b3f9abd4290f863aa6/addresses | Response: 304 | Duration: 73ms
2025-03-27 12:49:54 [INFO]: Request: GET /users/67b754b3f9abd4290f863aa6/addresses | Response: 304 | Duration: 72ms
2025-03-27 12:49:58 [INFO]: Request: GET /users/addresses/67b840880b66faa196b932de | Response: 200 | Duration: 86ms
2025-03-27 12:50:24 [INFO]: Request: GET /users/67b754b3f9abd4290f863aa6/notifications/count | Response: 304 | Duration: 72ms
2025-03-27 12:50:24 [INFO]: Request: GET /users/67b754b3f9abd4290f863aa6/addresses | Response: 304 | Duration: 72ms
2025-03-27 12:53:38 [WARN]: Request: GET /users/67b754b3f9abd4290f863aa6/addresses | Response: 401 | Duration: 4ms
2025-03-27 12:53:38 [INFO]: Request: POST /users/refresh-token | Response: 200 | Duration: 7ms
2025-03-27 12:53:38 [INFO]: Request: GET /users/67b754b3f9abd4290f863aa6/addresses | Response: 304 | Duration: 73ms
2025-03-27 12:53:42 [INFO]: Request: GET /users/67b754b3f9abd4290f863aa6/profile | Response: 304 | Duration: 147ms
2025-03-27 12:53:43 [INFO]: Request: GET /users/67b754b3f9abd4290f863aa6/bookings?page=1 | Response: 304 | Duration: 108ms
2025-03-27 12:53:44 [INFO]: Request: GET /providers/services | Response: 304 | Duration: 36ms
2025-03-27 12:53:46 [INFO]: Request: GET /users/67b754b3f9abd4290f863aa6/addresses | Response: 304 | Duration: 72ms
2025-03-27 12:55:20 [INFO]: Request: GET /users/67b754b3f9abd4290f863aa6/profile | Response: 304 | Duration: 36ms
2025-03-27 12:55:26 [INFO]: Request: GET /users/67b754b3f9abd4290f863aa6/bookings?page=1 | Response: 304 | Duration: 113ms
2025-03-27 12:55:29 [INFO]: Request: GET /users/bookings/67b876bffdfa50ef998bf84c | Response: 304 | Duration: 72ms
2025-03-27 12:55:35 [INFO]: Request: GET /users/67b754b3f9abd4290f863aa6/addresses | Response: 304 | Duration: 88ms
2025-03-27 12:55:40 [INFO]: Request: GET /users/67b754b3f9abd4290f863aa6/notifications?page=1 | Response: 304 | Duration: 111ms
2025-03-27 12:55:43 [INFO]: Request: GET /users/67b754b3f9abd4290f863aa6/notifications/count | Response: 304 | Duration: 75ms
2025-03-27 12:55:43 [INFO]: Request: GET /users/67b754b3f9abd4290f863aa6/notifications?page=1 | Response: 304 | Duration: 109ms
2025-03-27 12:55:57 [INFO]: Request: GET /users/67b754b3f9abd4290f863aa6/notifications/count | Response: 304 | Duration: 71ms
2025-03-27 12:55:57 [INFO]: Request: GET /users/67b754b3f9abd4290f863aa6/notifications?page=1 | Response: 304 | Duration: 108ms
2025-03-27 12:55:58 [INFO]: Request: GET /users/67b754b3f9abd4290f863aa6/addresses | Response: 304 | Duration: 76ms
2025-03-27 12:56:01 [INFO]: Request: GET /users/67b754b3f9abd4290f863aa6/notifications/count | Response: 304 | Duration: 76ms
2025-03-27 12:56:01 [INFO]: Request: GET /users/67b754b3f9abd4290f863aa6/addresses | Response: 304 | Duration: 73ms
2025-03-27 12:56:33 [INFO]: Request: GET /users/67b754b3f9abd4290f863aa6/addresses | Response: 304 | Duration: 72ms
2025-03-27 12:56:42 [INFO]: Request: GET /users/67b754b3f9abd4290f863aa6/addresses | Response: 304 | Duration: 70ms
2025-03-27 12:57:47 [INFO]: Request: GET /users/67b754b3f9abd4290f863aa6/bookings?page=1 | Response: 304 | Duration: 108ms
2025-03-27 12:57:48 [INFO]: Request: GET /providers/services | Response: 304 | Duration: 36ms
2025-03-27 12:57:49 [INFO]: Request: GET /users/67b754b3f9abd4290f863aa6/bookings?page=1 | Response: 304 | Duration: 105ms
2025-03-27 12:57:50 [INFO]: Request: GET /users/67b754b3f9abd4290f863aa6/profile | Response: 304 | Duration: 37ms
2025-03-27 12:57:50 [INFO]: Request: GET /providers/services | Response: 304 | Duration: 34ms
2025-03-27 12:57:51 [INFO]: Request: GET /users/67b754b3f9abd4290f863aa6/addresses | Response: 304 | Duration: 71ms
2025-03-27 12:57:59 [INFO]: Request: GET /users/67b754b3f9abd4290f863aa6/addresses | Response: 304 | Duration: 69ms
2025-03-27 12:58:04 [INFO]: Request: GET /users/67b754b3f9abd4290f863aa6/addresses | Response: 304 | Duration: 71ms
2025-03-27 12:58:08 [INFO]: Request: GET /users/67b754b3f9abd4290f863aa6/addresses | Response: 304 | Duration: 78ms
2025-03-27 12:58:44 [WARN]: Request: GET /users/67b754b3f9abd4290f863aa6/addresses | Response: 401 | Duration: 1ms
2025-03-27 12:58:44 [INFO]: Request: POST /users/refresh-token | Response: 200 | Duration: 3ms
2025-03-27 12:58:44 [INFO]: Request: GET /users/67b754b3f9abd4290f863aa6/addresses | Response: 304 | Duration: 70ms
2025-03-27 12:58:47 [INFO]: Request: GET /users/67b754b3f9abd4290f863aa6/addresses | Response: 304 | Duration: 71ms
2025-03-27 12:58:52 [INFO]: Request: GET /users/67b754b3f9abd4290f863aa6/addresses | Response: 304 | Duration: 72ms
2025-03-27 12:59:05 [INFO]: Request: GET /users/67b754b3f9abd4290f863aa6/addresses | Response: 304 | Duration: 71ms
2025-03-27 12:59:22 [INFO]: Request: GET /users/67b754b3f9abd4290f863aa6/addresses | Response: 304 | Duration: 73ms
2025-03-27 12:59:23 [INFO]: Request: GET /users/67b754b3f9abd4290f863aa6/profile | Response: 304 | Duration: 35ms
2025-03-27 12:59:24 [INFO]: Request: GET /users/67b754b3f9abd4290f863aa6/bookings?page=1 | Response: 304 | Duration: 104ms
2025-03-27 12:59:25 [INFO]: Request: GET /providers/services | Response: 304 | Duration: 35ms
2025-03-27 12:59:26 [INFO]: Request: GET /users/67b754b3f9abd4290f863aa6/addresses | Response: 304 | Duration: 70ms
2025-03-27 12:59:30 [INFO]: Request: GET /users/67b754b3f9abd4290f863aa6/profile | Response: 304 | Duration: 35ms
2025-03-27 12:59:31 [INFO]: Request: GET /users/67b754b3f9abd4290f863aa6/bookings?page=1 | Response: 304 | Duration: 107ms
2025-03-27 12:59:32 [INFO]: Request: GET /providers/services | Response: 304 | Duration: 36ms
2025-03-27 12:59:32 [INFO]: Request: GET /users/67b754b3f9abd4290f863aa6/addresses | Response: 304 | Duration: 71ms
2025-03-27 12:59:33 [INFO]: Request: GET /users/67b754b3f9abd4290f863aa6/bookings?page=1 | Response: 304 | Duration: 106ms
2025-03-27 12:59:34 [INFO]: Request: GET /users/67b754b3f9abd4290f863aa6/profile | Response: 304 | Duration: 34ms
2025-03-27 12:59:35 [INFO]: Request: GET /users/67b754b3f9abd4290f863aa6/bookings?page=1 | Response: 304 | Duration: 104ms
2025-03-27 12:59:35 [INFO]: Request: GET /providers/services | Response: 304 | Duration: 35ms
2025-03-27 12:59:37 [INFO]: Request: GET /users/67b754b3f9abd4290f863aa6/addresses | Response: 304 | Duration: 71ms
2025-03-27 12:59:45 [INFO]: Request: GET /users/67b754b3f9abd4290f863aa6/addresses | Response: 304 | Duration: 70ms
2025-03-27 12:59:50 [INFO]: Request: GET /users/67b754b3f9abd4290f863aa6/bookings?page=1 | Response: 304 | Duration: 105ms
2025-03-27 12:59:50 [INFO]: Request: GET /users/67b754b3f9abd4290f863aa6/addresses | Response: 304 | Duration: 71ms
2025-03-27 12:59:52 [INFO]: Request: GET /users/67b754b3f9abd4290f863aa6/notifications?page=1 | Response: 304 | Duration: 105ms
2025-03-27 12:59:57 [INFO]: Request: GET /users/67b754b3f9abd4290f863aa6/addresses | Response: 304 | Duration: 70ms
2025-03-27 13:00:03 [INFO]: Request: GET /users/addresses/67b840010b66faa196b932d9 | Response: 200 | Duration: 70ms
2025-03-27 13:01:43 [INFO]: Request: GET /users/67b754b3f9abd4290f863aa6/notifications/count | Response: 304 | Duration: 73ms
2025-03-27 13:01:43 [INFO]: Request: GET /users/67b754b3f9abd4290f863aa6/addresses | Response: 304 | Duration: 73ms
2025-03-27 13:02:29 [INFO]: Request: DELETE /users/67b840010b66faa196b932d9/addresses | Response: 200 | Duration: 89ms
2025-03-27 13:03:05 [INFO]: Request: GET /users/67b754b3f9abd4290f863aa6/notifications/count | Response: 304 | Duration: 73ms
2025-03-27 13:03:05 [INFO]: Request: GET /users/67b754b3f9abd4290f863aa6/addresses | Response: 200 | Duration: 74ms
2025-03-27 13:03:08 [INFO]: Request: GET /users/addresses/67b840010b66faa196b932d9 | Response: 200 | Duration: 72ms
2025-03-27 13:03:31 [INFO]: Request: GET /users/addresses/67b840010b66faa196b932d9 | Response: 304 | Duration: 69ms
2025-03-27 13:03:45 [WARN]: Request: GET /users/67b754b3f9abd4290f863aa6/notifications?page=1 | Response: 401 | Duration: 2ms
2025-03-27 13:03:45 [INFO]: Request: POST /users/refresh-token | Response: 200 | Duration: 5ms
2025-03-27 13:03:45 [INFO]: Request: GET /users/67b754b3f9abd4290f863aa6/notifications?page=1 | Response: 304 | Duration: 109ms
2025-03-27 13:03:47 [INFO]: Request: GET /users/67b754b3f9abd4290f863aa6/notifications/count | Response: 304 | Duration: 71ms
2025-03-27 13:03:47 [INFO]: Request: GET /users/67b754b3f9abd4290f863aa6/notifications?page=1 | Response: 304 | Duration: 107ms
2025-03-27 13:03:49 [INFO]: Request: GET /users/67b754b3f9abd4290f863aa6/addresses | Response: 304 | Duration: 75ms
2025-03-27 13:03:59 [INFO]: Request: GET /users/addresses/67b875f0fdfa50ef998bf812 | Response: 200 | Duration: 71ms
2025-03-27 13:05:53 [INFO]: Request: GET /users/addresses/67b875f0fdfa50ef998bf812 | Response: 304 | Duration: 75ms
2025-03-27 13:06:49 [INFO]: Request: GET /users/67b754b3f9abd4290f863aa6/notifications?page=1 | Response: 304 | Duration: 110ms
2025-03-27 13:06:59 [INFO]: Request: GET /users/67b754b3f9abd4290f863aa6/bookings?page=1 | Response: 304 | Duration: 110ms
2025-03-27 13:07:01 [INFO]: Request: GET /users/bookings/67b876bffdfa50ef998bf84c | Response: 304 | Duration: 72ms
2025-03-27 13:07:09 [INFO]: Request: GET /users/67b754b3f9abd4290f863aa6-67c9749c9084b14e7037fb1f/chats | Response: 200 | Duration: 73ms
2025-03-27 13:07:21 [INFO]: Request: GET /users/67b754b3f9abd4290f863aa6/bookings?page=1 | Response: 304 | Duration: 110ms
2025-03-27 13:07:23 [INFO]: Request: GET /users/bookings/67b858b16a7c21fc6b496607 | Response: 200 | Duration: 74ms
2025-03-27 13:07:28 [INFO]: Request: GET /users/67b754b3f9abd4290f863aa6/bookings?page=1 | Response: 304 | Duration: 128ms
2025-03-27 13:07:31 [INFO]: Request: GET /users/67b754b3f9abd4290f863aa6/profile | Response: 304 | Duration: 35ms
2025-03-27 13:07:46 [INFO]: Request: GET /users/67b754b3f9abd4290f863aa6/bookings?page=1 | Response: 304 | Duration: 109ms
2025-03-27 13:07:48 [INFO]: Request: GET /users/bookings/67b876bffdfa50ef998bf84c | Response: 304 | Duration: 73ms
2025-03-27 13:08:26 [INFO]: Request: GET /users/67b754b3f9abd4290f863aa6/notifications/count | Response: 304 | Duration: 77ms
2025-03-27 13:08:26 [INFO]: Request: GET /users/bookings/67b876bffdfa50ef998bf84c | Response: 200 | Duration: 69ms
2025-03-27 13:09:01 [WARN]: Request: GET /users/67b754b3f9abd4290f863aa6/notifications/count | Response: 401 | Duration: 2ms
2025-03-27 13:09:01 [WARN]: Request: GET /users/bookings/67b876bffdfa50ef998bf84c | Response: 401 | Duration: 2ms
2025-03-27 13:09:01 [INFO]: Request: POST /users/refresh-token | Response: 200 | Duration: 4ms
2025-03-27 13:09:01 [INFO]: Request: POST /users/refresh-token | Response: 200 | Duration: 7ms
2025-03-27 13:09:01 [INFO]: Request: GET /users/67b754b3f9abd4290f863aa6/notifications/count | Response: 304 | Duration: 72ms
2025-03-27 13:09:01 [INFO]: Request: GET /users/bookings/67b876bffdfa50ef998bf84c | Response: 304 | Duration: 73ms
2025-03-27 13:09:24 [INFO]: Request: GET /users/67b754b3f9abd4290f863aa6/notifications/count | Response: 304 | Duration: 73ms
2025-03-27 13:09:24 [INFO]: Request: GET /users/bookings/67b876bffdfa50ef998bf84c | Response: 304 | Duration: 73ms
2025-03-27 13:10:11 [INFO]: Request: GET /users/67b754b3f9abd4290f863aa6/notifications/count | Response: 304 | Duration: 71ms
2025-03-27 13:10:11 [INFO]: Request: GET /users/bookings/67b876bffdfa50ef998bf84c | Response: 304 | Duration: 76ms
2025-03-27 13:11:02 [INFO]: Request: GET /users/67b754b3f9abd4290f863aa6/notifications/count | Response: 304 | Duration: 77ms
2025-03-27 13:11:02 [INFO]: Request: GET /users/bookings/67b876bffdfa50ef998bf84c | Response: 304 | Duration: 73ms
2025-03-27 13:11:35 [INFO]: Request: GET /users/67b754b3f9abd4290f863aa6/notifications/count | Response: 304 | Duration: 73ms
2025-03-27 13:11:35 [INFO]: Request: GET /users/bookings/67b876bffdfa50ef998bf84c | Response: 304 | Duration: 75ms
2025-03-27 13:11:41 [INFO]: Request: GET /users/67b754b3f9abd4290f863aa6/profile | Response: 304 | Duration: 35ms
2025-03-27 13:11:44 [INFO]: Request: GET /users/sign-out | Response: 304 | Duration: 1ms
2025-03-27 13:11:56 [INFO]: Request: POST /users/sign-in | Response: 200 | Duration: 141ms
2025-03-27 13:11:56 [INFO]: Request: GET /users/67b73ccff9abd4290f863a3d/profile | Response: 304 | Duration: 36ms
2025-03-27 13:12:30 [INFO]: Request: GET /users/67b73ccff9abd4290f863a3d/addresses | Response: 304 | Duration: 72ms
2025-03-27 13:14:41 [INFO]: Request: GET /users/67b73ccff9abd4290f863a3d/bookings?page=1 | Response: 304 | Duration: 110ms
2025-03-27 13:14:42 [INFO]: Request: GET /users/bookings/67dea362179027066536757e | Response: 304 | Duration: 75ms
2025-03-27 13:22:34 [WARN]: Request: GET /users/67b73ccff9abd4290f863a3d-67c979a26650975a0ea51294/chats | Response: 401 | Duration: 1ms
2025-03-27 13:22:34 [INFO]: Request: POST /users/refresh-token | Response: 200 | Duration: 5ms
2025-03-27 13:22:34 [INFO]: Request: GET /users/67b73ccff9abd4290f863a3d-67c979a26650975a0ea51294/chats | Response: 304 | Duration: 78ms
2025-03-27 13:22:46 [INFO]: Request: GET /users/67b73ccff9abd4290f863a3d/profile | Response: 304 | Duration: 36ms
2025-03-27 14:06:12 [WARN]: Request: GET /users/67b73ccff9abd4290f863a3d/notifications/count | Response: 401 | Duration: 1ms
2025-03-27 14:06:12 [INFO]: Request: GET /users/67b73ccff9abd4290f863a3d/profile | Response: 304 | Duration: 37ms
2025-03-27 14:06:12 [INFO]: Request: POST /users/refresh-token | Response: 200 | Duration: 7ms
2025-03-27 14:06:12 [INFO]: Request: GET /users/67b73ccff9abd4290f863a3d/notifications/count | Response: 304 | Duration: 79ms
2025-03-27 14:10:34 [INFO]: Request: GET /users/67b73ccff9abd4290f863a3d/profile | Response: 304 | Duration: 35ms
2025-03-27 14:10:34 [INFO]: Request: GET /users/67b73ccff9abd4290f863a3d/notifications/count | Response: 304 | Duration: 77ms
2025-03-27 14:14:31 [WARN]: Request: GET /users/67b73ccff9abd4290f863a3d/notifications/count | Response: 401 | Duration: 3ms
2025-03-27 14:14:31 [INFO]: Request: GET /users/67b73ccff9abd4290f863a3d/profile | Response: 304 | Duration: 36ms
2025-03-27 14:14:31 [INFO]: Request: POST /users/refresh-token | Response: 200 | Duration: 4ms
2025-03-27 14:14:31 [INFO]: Request: GET /users/67b73ccff9abd4290f863a3d/notifications/count | Response: 304 | Duration: 74ms
2025-03-27 14:18:26 [INFO]: Request: GET /users/67b73ccff9abd4290f863a3d/bookings?page=1 | Response: 304 | Duration: 110ms
2025-03-27 14:18:28 [INFO]: Request: GET /users/bookings/67dea362179027066536757e | Response: 304 | Duration: 74ms
2025-03-27 14:18:30 [INFO]: Request: GET /providers/services | Response: 304 | Duration: 35ms
2025-03-27 14:18:36 [INFO]: Request: GET /users/67b73ccff9abd4290f863a3d/addresses | Response: 304 | Duration: 73ms
2025-03-27 14:18:38 [INFO]: Request: GET /users/67b73ccff9abd4290f863a3d/notifications?page=1 | Response: 304 | Duration: 107ms
2025-03-27 14:19:45 [WARN]: Request: GET /users/67b73ccff9abd4290f863a3d/notifications?page=1 | Response: 401 | Duration: 2ms
2025-03-27 14:19:45 [INFO]: Request: POST /users/refresh-token | Response: 200 | Duration: 4ms
2025-03-27 14:19:45 [INFO]: Request: GET /users/67b73ccff9abd4290f863a3d/notifications?page=1 | Response: 304 | Duration: 107ms
2025-03-27 14:23:32 [INFO]: Request: GET /users/67b73ccff9abd4290f863a3d/notifications?page=1 | Response: 304 | Duration: 107ms
2025-03-27 14:33:11 [WARN]: Request: GET /users/67b73ccff9abd4290f863a3d/notifications?page=1 | Response: 401 | Duration: 2ms
2025-03-27 14:33:11 [INFO]: Request: POST /users/refresh-token | Response: 200 | Duration: 3ms
2025-03-27 14:33:11 [INFO]: Request: GET /users/67b73ccff9abd4290f863a3d/notifications?page=1 | Response: 304 | Duration: 108ms
2025-03-27 14:49:20 [WARN]: Request: GET /users/67b73ccff9abd4290f863a3d/notifications?page=1 | Response: 401 | Duration: 1ms
2025-03-27 14:49:20 [INFO]: Request: POST /users/refresh-token | Response: 200 | Duration: 8ms
2025-03-27 14:49:20 [INFO]: Request: GET /users/67b73ccff9abd4290f863a3d/notifications?page=1 | Response: 304 | Duration: 130ms
2025-03-27 14:49:23 [INFO]: Request: GET /users/67b73ccff9abd4290f863a3d/notifications/count | Response: 304 | Duration: 70ms
2025-03-27 14:49:23 [INFO]: Request: GET /users/67b73ccff9abd4290f863a3d/notifications?page=1 | Response: 304 | Duration: 107ms
2025-03-27 14:49:31 [INFO]: Request: GET /users/67b73ccff9abd4290f863a3d/bookings?page=1 | Response: 304 | Duration: 108ms
2025-03-27 14:49:32 [INFO]: Request: GET /users/67b73ccff9abd4290f863a3d/profile | Response: 304 | Duration: 35ms
2025-03-27 14:49:32 [INFO]: Request: GET /users/67b73ccff9abd4290f863a3d/bookings?page=1 | Response: 304 | Duration: 106ms
2025-03-27 14:49:33 [INFO]: Request: GET /providers/services | Response: 304 | Duration: 35ms
2025-03-27 14:49:33 [INFO]: Request: GET /users/67b73ccff9abd4290f863a3d/notifications?page=1 | Response: 304 | Duration: 106ms
2025-03-27 14:53:35 [INFO]: Request: GET /users/67b73ccff9abd4290f863a3d/notifications?page=1 | Response: 304 | Duration: 107ms
2025-03-27 14:55:59 [WARN]: Request: GET /users/67b73ccff9abd4290f863a3d/notifications?page=1 | Response: 401 | Duration: 6ms
2025-03-27 14:55:59 [INFO]: Request: POST /users/refresh-token | Response: 200 | Duration: 5ms
2025-03-27 14:55:59 [INFO]: Request: GET /users/67b73ccff9abd4290f863a3d/notifications?page=1 | Response: 304 | Duration: 104ms
2025-03-27 14:59:19 [INFO]: Request: GET /users/67b73ccff9abd4290f863a3d/notifications?page=1 | Response: 304 | Duration: 115ms
2025-03-27 15:02:48 [WARN]: Request: GET /users/67b73ccff9abd4290f863a3d/bookings?page=1 | Response: 401 | Duration: 3ms
2025-03-27 15:02:48 [INFO]: Request: POST /users/refresh-token | Response: 200 | Duration: 5ms
2025-03-27 15:02:48 [INFO]: Request: GET /users/67b73ccff9abd4290f863a3d/bookings?page=1 | Response: 304 | Duration: 109ms
2025-03-27 15:02:49 [INFO]: Request: GET /providers/services | Response: 304 | Duration: 36ms
2025-03-27 15:02:50 [INFO]: Request: GET /users/67b73ccff9abd4290f863a3d/addresses | Response: 304 | Duration: 81ms
2025-03-27 15:02:50 [INFO]: Request: GET /users/67b73ccff9abd4290f863a3d/notifications?page=1 | Response: 304 | Duration: 106ms
2025-03-27 15:03:03 [INFO]: Request: GET /users/67b73ccff9abd4290f863a3d/profile | Response: 304 | Duration: 59ms
2025-03-27 15:03:20 [WARN]: Request: POST /users/confirm-password/67b73ccff9abd4290f863a3d | Response: 404 | Duration: 2ms
2025-03-27 15:03:36 [WARN]: Request: POST /users/confirm-password/67b73ccff9abd4290f863a3d | Response: 404 | Duration: 1ms
2025-03-27 15:05:48 [INFO]: Request: GET /users/67b73ccff9abd4290f863a3d/profile | Response: 304 | Duration: 49ms
2025-03-27 15:05:48 [INFO]: Request: GET /users/67b73ccff9abd4290f863a3d/notifications/count | Response: 304 | Duration: 117ms
2025-03-27 15:06:11 [INFO]: Request: POST /users/67b73ccff9abd4290f863a3d/confirm-password | Response: 200 | Duration: 179ms
2025-03-27 15:06:33 [INFO]: Request: PATCH /users/reset-password | Response: 200 | Duration: 120ms
2025-03-27 15:06:35 [INFO]: Request: GET /users/sign-out | Response: 304 | Duration: 2ms
2025-03-27 15:06:56 [INFO]: Request: POST /users/forgot-password | Response: 200 | Duration: 3422ms
2025-03-27 15:07:34 [INFO]: Request: POST /users/verify-forgot-password-otp | Response: 200 | Duration: 143ms
2025-03-27 15:07:45 [INFO]: Request: PATCH /users/reset-password | Response: 200 | Duration: 108ms
2025-03-27 15:07:51 [INFO]: Request: POST /users/sign-in | Response: 200 | Duration: 121ms
2025-03-27 15:07:51 [INFO]: Request: GET /users/67b73ccff9abd4290f863a3d/profile | Response: 200 | Duration: 38ms
2025-03-27 15:07:54 [INFO]: Request: GET /users/67b73ccff9abd4290f863a3d/bookings?page=1 | Response: 304 | Duration: 114ms
2025-03-27 15:07:54 [INFO]: Request: GET /providers/services | Response: 304 | Duration: 38ms
2025-03-27 15:07:55 [INFO]: Request: GET /users/67b73ccff9abd4290f863a3d/addresses | Response: 304 | Duration: 71ms
2025-03-27 15:07:56 [INFO]: Request: GET /users/67b73ccff9abd4290f863a3d/notifications?page=1 | Response: 304 | Duration: 111ms
2025-03-27 15:07:59 [INFO]: Request: GET /users/67b73ccff9abd4290f863a3d/profile | Response: 304 | Duration: 91ms
2025-03-27 15:08:04 [INFO]: Request: GET /users/67b73ccff9abd4290f863a3d/bookings?page=1 | Response: 304 | Duration: 108ms
2025-03-27 15:08:06 [INFO]: Request: GET /users/67b73ccff9abd4290f863a3d/profile | Response: 304 | Duration: 37ms
2025-03-27 15:27:06 [INFO]: Request: GET /users/sign-out | Response: 304 | Duration: 0ms
2025-03-27 15:27:30 [INFO]: Request: POST /providers/sign-in | Response: 200 | Duration: 112ms
2025-03-27 15:27:30 [INFO]: Request: GET /providers/services | Response: 304 | Duration: 38ms
2025-03-27 15:27:30 [INFO]: Request: GET /providers/67c979a26650975a0ea51294/profile | Response: 200 | Duration: 77ms
2025-03-27 15:41:07 [WARN]: Request: GET /providers/67c979a26650975a0ea51294/notifications/count | Response: 401 | Duration: 3ms
2025-03-27 15:41:07 [WARN]: Request: GET /providers/67c979a26650975a0ea51294/profile | Response: 401 | Duration: 3ms
2025-03-27 15:41:07 [INFO]: Request: GET /providers/services | Response: 304 | Duration: 36ms
2025-03-27 15:41:07 [INFO]: Request: POST /providers/refresh-token | Response: 200 | Duration: 7ms
2025-03-27 15:41:07 [INFO]: Request: POST /providers/refresh-token | Response: 200 | Duration: 8ms
2025-03-27 15:41:07 [INFO]: Request: GET /providers/67c979a26650975a0ea51294/profile | Response: 304 | Duration: 66ms
2025-03-27 15:41:07 [INFO]: Request: GET /providers/67c979a26650975a0ea51294/notifications/count | Response: 200 | Duration: 73ms
2025-03-27 15:43:02 [INFO]: Request: GET /providers/services | Response: 304 | Duration: 35ms
2025-03-27 15:43:02 [INFO]: Request: GET /providers/67c979a26650975a0ea51294/notifications/count | Response: 304 | Duration: 83ms
2025-03-27 15:43:03 [INFO]: Request: GET /providers/67c979a26650975a0ea51294/profile | Response: 304 | Duration: 182ms
2025-03-27 15:45:12 [INFO]: Request: GET /providers/67c979a26650975a0ea51294/dashboard?revenueBy=monthly&hoursBy=daily | Response: 200 | Duration: 70ms
2025-03-27 15:45:14 [INFO]: Request: GET /providers/services | Response: 304 | Duration: 36ms
2025-03-27 15:45:14 [INFO]: Request: GET /providers/67c979a26650975a0ea51294/profile | Response: 304 | Duration: 63ms
2025-03-27 15:45:40 [INFO]: Request: GET /providers/67c979a26650975a0ea51294/notifications/count | Response: 304 | Duration: 67ms
2025-03-27 15:45:40 [INFO]: Request: GET /providers/services | Response: 304 | Duration: 36ms
2025-03-27 15:45:40 [INFO]: Request: GET /providers/67c979a26650975a0ea51294/profile | Response: 304 | Duration: 74ms
2025-03-27 15:46:56 [WARN]: Request: GET /providers/67c979a26650975a0ea51294/notifications/count | Response: 401 | Duration: 3ms
2025-03-27 15:46:56 [WARN]: Request: GET /providers/67c979a26650975a0ea51294/profile | Response: 401 | Duration: 3ms
2025-03-27 15:46:57 [INFO]: Request: GET /providers/services | Response: 304 | Duration: 41ms
2025-03-27 15:46:57 [INFO]: Request: POST /providers/refresh-token | Response: 200 | Duration: 7ms
2025-03-27 15:46:57 [INFO]: Request: POST /providers/refresh-token | Response: 200 | Duration: 8ms
2025-03-27 15:46:57 [INFO]: Request: GET /providers/67c979a26650975a0ea51294/notifications/count | Response: 304 | Duration: 74ms
2025-03-27 15:46:57 [INFO]: Request: GET /providers/67c979a26650975a0ea51294/profile | Response: 304 | Duration: 73ms
2025-03-27 15:47:04 [WARN]: Request: GET /providers/67c979a26650975a0ea51294/notifications/count | Response: 401 | Duration: 1ms
2025-03-27 15:47:04 [WARN]: Request: GET /providers/67c979a26650975a0ea51294/bookings?page=1 | Response: 401 | Duration: 1ms
2025-03-27 15:47:04 [INFO]: Request: POST /providers/refresh-token | Response: 200 | Duration: 6ms
2025-03-27 15:47:04 [INFO]: Request: POST /providers/refresh-token | Response: 200 | Duration: 4ms
2025-03-27 15:47:04 [INFO]: Request: GET /providers/67c979a26650975a0ea51294/notifications/count | Response: 304 | Duration: 77ms
2025-03-27 15:47:04 [INFO]: Request: GET /providers/67c979a26650975a0ea51294/bookings?page=1 | Response: 304 | Duration: 114ms
2025-03-27 15:47:13 [INFO]: Request: GET /providers/sign-out | Response: 304 | Duration: 1ms
2025-03-27 15:47:27 [INFO]: Request: POST /users/sign-in | Response: 200 | Duration: 105ms
2025-03-27 15:47:27 [INFO]: Request: GET /users/67b73ccff9abd4290f863a3d/profile | Response: 200 | Duration: 36ms
2025-03-27 15:47:29 [INFO]: Request: GET /users/67b73ccff9abd4290f863a3d/bookings?page=1 | Response: 200 | Duration: 107ms
2025-03-27 15:47:31 [INFO]: Request: GET /users/67b73ccff9abd4290f863a3d/profile | Response: 304 | Duration: 35ms
2025-03-27 15:47:33 [INFO]: Request: GET /providers/services | Response: 304 | Duration: 36ms
2025-03-27 15:47:35 [INFO]: Request: GET /users/67b73ccff9abd4290f863a3d/addresses | Response: 200 | Duration: 72ms
2025-03-27 15:47:37 [INFO]: Request: GET /users/67b73ccff9abd4290f863a3d/notifications?page=1 | Response: 200 | Duration: 111ms
2025-03-27 15:47:43 [INFO]: Request: GET /users/67b73ccff9abd4290f863a3d/addresses | Response: 304 | Duration: 73ms
2025-03-27 15:47:45 [INFO]: Request: GET /users/67b73ccff9abd4290f863a3d/notifications?page=1 | Response: 304 | Duration: 109ms
2025-03-27 15:47:45 [INFO]: Request: GET /users/67b73ccff9abd4290f863a3d/addresses | Response: 304 | Duration: 72ms
2025-03-27 15:47:46 [INFO]: Request: GET /providers/services | Response: 304 | Duration: 37ms
2025-03-27 15:47:46 [INFO]: Request: GET /users/67b73ccff9abd4290f863a3d/profile | Response: 304 | Duration: 36ms
2025-03-27 15:47:47 [INFO]: Request: GET /users/67b73ccff9abd4290f863a3d/bookings?page=1 | Response: 304 | Duration: 110ms
2025-03-27 15:48:07 [INFO]: Request: GET /users/67b73ccff9abd4290f863a3d/profile | Response: 304 | Duration: 36ms
2025-03-27 15:48:09 [INFO]: Request: GET /users/67b73ccff9abd4290f863a3d/bookings?page=1 | Response: 304 | Duration: 219ms
2025-03-27 15:48:09 [INFO]: Request: GET /providers/services | Response: 304 | Duration: 52ms
2025-03-27 15:48:11 [INFO]: Request: GET /users/67b73ccff9abd4290f863a3d/addresses | Response: 304 | Duration: 178ms
2025-03-27 15:48:11 [INFO]: Request: GET /providers/services | Response: 304 | Duration: 37ms
2025-03-27 15:48:12 [INFO]: Request: GET /users/67b73ccff9abd4290f863a3d/profile | Response: 304 | Duration: 543ms
2025-03-27 15:48:13 [INFO]: Request: GET /users/67b73ccff9abd4290f863a3d/bookings?page=1 | Response: 304 | Duration: 110ms
2025-03-27 15:48:22 [INFO]: Request: GET /users/67b73ccff9abd4290f863a3d/profile | Response: 304 | Duration: 36ms
2025-03-27 15:48:25 [INFO]: Request: GET /users/67b73ccff9abd4290f863a3d/bookings?page=1 | Response: 304 | Duration: 110ms
2025-03-27 15:49:44 [INFO]: Request: GET /users/bookings/67dea362179027066536757e | Response: 200 | Duration: 73ms
2025-03-27 15:49:50 [INFO]: Request: GET /users/67b73ccff9abd4290f863a3d/bookings?page=1 | Response: 304 | Duration: 107ms
2025-03-27 15:49:51 [INFO]: Request: GET /providers/services | Response: 304 | Duration: 36ms
2025-03-27 15:49:52 [INFO]: Request: GET /users/67b73ccff9abd4290f863a3d/addresses | Response: 304 | Duration: 72ms
2025-03-27 15:49:52 [INFO]: Request: GET /providers/services | Response: 304 | Duration: 37ms
2025-03-27 15:49:53 [INFO]: Request: GET /users/67b73ccff9abd4290f863a3d/bookings?page=1 | Response: 304 | Duration: 111ms
2025-03-27 15:49:54 [INFO]: Request: GET /users/67b73ccff9abd4290f863a3d/notifications?page=1 | Response: 304 | Duration: 108ms
2025-03-27 15:49:55 [INFO]: Request: GET /users/67b73ccff9abd4290f863a3d/bookings?page=1 | Response: 304 | Duration: 124ms
2025-03-27 15:49:56 [INFO]: Request: GET /providers/services | Response: 304 | Duration: 37ms
2025-03-27 15:49:56 [INFO]: Request: GET /users/67b73ccff9abd4290f863a3d/profile | Response: 304 | Duration: 36ms
2025-03-27 15:49:56 [INFO]: Request: GET /users/67b73ccff9abd4290f863a3d/bookings?page=1 | Response: 304 | Duration: 110ms
2025-03-27 15:49:58 [INFO]: Request: GET /users/bookings/67dea362179027066536757e | Response: 304 | Duration: 75ms
2025-03-27 15:50:04 [INFO]: Request: GET /users/67b73ccff9abd4290f863a3d-67c979a26650975a0ea51294/chats | Response: 200 | Duration: 82ms
2025-03-27 15:50:07 [INFO]: Request: GET /users/67b73ccff9abd4290f863a3d/bookings?page=1 | Response: 304 | Duration: 108ms
2025-03-27 15:50:07 [INFO]: Request: GET /users/67b73ccff9abd4290f863a3d/profile | Response: 304 | Duration: 36ms
2025-03-27 16:58:49 [WARN]: Request: GET /providers/67c979a26650975a0ea51294/profile | Response: 401 | Duration: 1ms
2025-03-27 16:58:49 [INFO]: Request: POST /providers/refresh-token | Response: 200 | Duration: 8ms
2025-03-27 16:58:49 [INFO]: Request: GET /providers/67c979a26650975a0ea51294/profile | Response: 304 | Duration: 288ms
2025-03-27 16:58:49 [INFO]: Request: GET /providers/services | Response: 304 | Duration: 326ms
2025-03-27 16:58:53 [INFO]: Request: GET /providers/67c979a26650975a0ea51294/notifications/count | Response: 304 | Duration: 74ms
2025-03-27 16:58:53 [INFO]: Request: GET /providers/67c979a26650975a0ea51294/profile | Response: 304 | Duration: 62ms
2025-03-27 16:58:53 [INFO]: Request: GET /providers/services | Response: 304 | Duration: 234ms
2025-03-27 16:59:37 [INFO]: Request: GET /providers/67c979a26650975a0ea51294/bookings?page=1 | Response: 200 | Duration: 106ms
2025-03-27 16:59:43 [INFO]: Request: GET /providers/67c979a26650975a0ea51294/dashboard?revenueBy=monthly&hoursBy=daily | Response: 304 | Duration: 68ms
2025-03-27 16:59:51 [INFO]: Request: GET /providers/services | Response: 304 | Duration: 31ms
2025-03-27 16:59:51 [INFO]: Request: GET /providers/67c979a26650975a0ea51294/profile | Response: 304 | Duration: 68ms
2025-03-27 16:59:57 [INFO]: Request: GET /providers/67c979a26650975a0ea51294/notifications/count | Response: 304 | Duration: 74ms
2025-03-27 16:59:57 [INFO]: Request: GET /providers/services | Response: 304 | Duration: 35ms
2025-03-27 16:59:57 [INFO]: Request: GET /providers/67c979a26650975a0ea51294/profile | Response: 304 | Duration: 63ms
2025-03-27 17:00:30 [INFO]: Request: GET /providers/67c979a26650975a0ea51294/bookings?page=1 | Response: 304 | Duration: 98ms
2025-03-27 17:02:32 [INFO]: Request: GET /providers/67c979a26650975a0ea51294/notifications/count | Response: 304 | Duration: 64ms
2025-03-27 17:02:32 [INFO]: Request: GET /providers/67c979a26650975a0ea51294/bookings?page=1 | Response: 304 | Duration: 115ms
2025-03-27 17:03:03 [INFO]: Request: GET /providers/67c979a26650975a0ea51294/bookings?page=1 | Response: 304 | Duration: 109ms
2025-03-27 17:03:14 [INFO]: Request: GET /providers/services | Response: 304 | Duration: 34ms
2025-03-27 17:03:14 [INFO]: Request: GET /providers/67c979a26650975a0ea51294/profile | Response: 304 | Duration: 73ms
2025-03-27 17:03:40 [INFO]: Request: GET /providers/services | Response: 304 | Duration: 32ms
2025-03-27 17:03:40 [INFO]: Request: GET /providers/67c979a26650975a0ea51294/profile | Response: 304 | Duration: 76ms
2025-03-27 17:30:39 [WARN]: Request: GET /providers/67c979a26650975a0ea51294/profile | Response: 401 | Duration: 1ms
2025-03-27 17:30:39 [INFO]: Request: POST /providers/refresh-token | Response: 200 | Duration: 4ms
2025-03-27 17:30:39 [INFO]: Request: GET /providers/services | Response: 304 | Duration: 37ms
2025-03-27 17:30:39 [INFO]: Request: GET /providers/67c979a26650975a0ea51294/profile | Response: 304 | Duration: 64ms
2025-03-27 17:30:45 [WARN]: Request: GET /users/67b73ccff9abd4290f863a3d/notifications/count | Response: 401 | Duration: 1ms
2025-03-27 17:30:46 [INFO]: Request: POST /users/refresh-token | Response: 200 | Duration: 7ms
2025-03-27 17:30:46 [INFO]: Request: GET /users/67b73ccff9abd4290f863a3d/profile | Response: 304 | Duration: 33ms
2025-03-27 17:30:46 [INFO]: Request: GET /users/67b73ccff9abd4290f863a3d/notifications/count | Response: 200 | Duration: 71ms
2025-03-27 17:31:40 [INFO]: Request: GET /providers/services | Response: 304 | Duration: 32ms
2025-03-27 17:31:40 [INFO]: Request: GET /providers/67c979a26650975a0ea51294/profile | Response: 304 | Duration: 76ms
2025-03-27 17:31:43 [INFO]: Request: GET /providers/services | Response: 304 | Duration: 33ms
2025-03-27 17:31:43 [INFO]: Request: GET /providers/67c979a26650975a0ea51294/notifications/count | Response: 304 | Duration: 77ms
2025-03-27 17:31:43 [INFO]: Request: GET /providers/67c979a26650975a0ea51294/profile | Response: 304 | Duration: 63ms
2025-03-27 17:31:50 [INFO]: Request: GET /providers/services | Response: 304 | Duration: 37ms
2025-03-27 17:31:50 [INFO]: Request: GET /providers/67c979a26650975a0ea51294/profile | Response: 304 | Duration: 73ms
2025-03-27 17:32:13 [INFO]: Request: GET /providers/services | Response: 304 | Duration: 34ms
2025-03-27 17:32:13 [INFO]: Request: GET /providers/67c979a26650975a0ea51294/notifications/count | Response: 304 | Duration: 63ms
2025-03-27 17:32:13 [INFO]: Request: GET /providers/67c979a26650975a0ea51294/profile | Response: 304 | Duration: 72ms
2025-03-27 17:32:22 [INFO]: Request: GET /providers/services | Response: 304 | Duration: 31ms
2025-03-27 17:32:22 [INFO]: Request: GET /providers/67c979a26650975a0ea51294/profile | Response: 304 | Duration: 72ms
2025-03-27 17:32:28 [INFO]: Request: GET /providers/services | Response: 304 | Duration: 33ms
2025-03-27 17:32:28 [INFO]: Request: GET /providers/67c979a26650975a0ea51294/notifications/count | Response: 304 | Duration: 72ms
2025-03-27 17:32:28 [INFO]: Request: GET /providers/67c979a26650975a0ea51294/profile | Response: 304 | Duration: 63ms
2025-03-27 17:32:53 [INFO]: Request: GET /providers/services | Response: 304 | Duration: 36ms
2025-03-27 17:32:53 [INFO]: Request: GET /providers/67c979a26650975a0ea51294/profile | Response: 304 | Duration: 66ms
2025-03-27 17:32:59 [INFO]: Request: GET /providers/services | Response: 304 | Duration: 257ms
2025-03-27 17:32:59 [INFO]: Request: GET /providers/67c979a26650975a0ea51294/notifications/count | Response: 304 | Duration: 282ms
2025-03-27 17:32:59 [INFO]: Request: GET /providers/67c979a26650975a0ea51294/profile | Response: 304 | Duration: 390ms
2025-03-27 17:33:01 [INFO]: Request: GET /providers/67c979a26650975a0ea51294/bookings?page=1 | Response: 304 | Duration: 107ms
2025-03-27 17:33:05 [INFO]: Request: GET /providers/bookings/67dea362179027066536757e | Response: 200 | Duration: 83ms
2025-03-27 17:33:08 [INFO]: Request: GET /providers/67c979a26650975a0ea51294/dashboard?revenueBy=monthly&hoursBy=daily | Response: 304 | Duration: 164ms
2025-03-27 17:33:09 [INFO]: Request: GET /providers/services | Response: 304 | Duration: 71ms
2025-03-27 17:33:09 [INFO]: Request: GET /providers/67c979a26650975a0ea51294/profile | Response: 304 | Duration: 97ms
2025-03-27 17:35:35 [INFO]: Request: GET /users/67b73ccff9abd4290f863a3d/profile | Response: 304 | Duration: 32ms
2025-03-27 17:35:41 [INFO]: Request: GET /users/67b73ccff9abd4290f863a3d/profile | Response: 304 | Duration: 32ms
2025-03-27 17:37:03 [WARN]: Request: GET /providers/67c979a26650975a0ea51294/profile | Response: 401 | Duration: 2ms
2025-03-27 17:37:03 [INFO]: Request: POST /providers/refresh-token | Response: 200 | Duration: 6ms
2025-03-27 17:37:03 [INFO]: Request: GET /providers/services | Response: 304 | Duration: 32ms
2025-03-27 17:37:03 [INFO]: Request: GET /providers/67c979a26650975a0ea51294/profile | Response: 304 | Duration: 71ms
2025-03-27 17:39:46 [INFO]: Request: GET /providers/67c979a26650975a0ea51294/profile | Response: 304 | Duration: 77ms
2025-03-27 17:39:46 [INFO]: Request: GET /providers/services | Response: 304 | Duration: 391ms
2025-03-27 17:40:15 [INFO]: Request: GET /providers/services | Response: 304 | Duration: 37ms
2025-03-27 17:40:15 [INFO]: Request: GET /providers/67c979a26650975a0ea51294/profile | Response: 304 | Duration: 65ms
2025-03-27 17:41:02 [INFO]: Request: GET /providers/services | Response: 304 | Duration: 39ms
2025-03-27 17:41:02 [INFO]: Request: GET /providers/67c979a26650975a0ea51294/notifications/count | Response: 304 | Duration: 65ms
2025-03-27 17:41:02 [INFO]: Request: GET /providers/67c979a26650975a0ea51294/profile | Response: 304 | Duration: 77ms
2025-03-27 17:41:29 [INFO]: Request: GET /providers/67c979a26650975a0ea51294/dashboard?revenueBy=monthly&hoursBy=daily | Response: 304 | Duration: 87ms
2025-03-27 17:42:07 [WARN]: Request: GET /providers/67c979a26650975a0ea51294/notifications/count | Response: 401 | Duration: 2ms
2025-03-27 17:42:08 [WARN]: Request: GET /providers/67c979a26650975a0ea51294/dashboard?revenueBy=monthly&hoursBy=daily | Response: 401 | Duration: 3ms
2025-03-27 17:42:08 [INFO]: Request: POST /providers/refresh-token | Response: 200 | Duration: 5ms
2025-03-27 17:42:08 [INFO]: Request: POST /providers/refresh-token | Response: 200 | Duration: 5ms
2025-03-27 17:42:08 [INFO]: Request: GET /providers/67c979a26650975a0ea51294/notifications/count | Response: 304 | Duration: 78ms
2025-03-27 17:42:08 [INFO]: Request: GET /providers/67c979a26650975a0ea51294/dashboard?revenueBy=monthly&hoursBy=daily | Response: 304 | Duration: 66ms
2025-03-27 17:42:10 [INFO]: Request: GET /providers/services | Response: 304 | Duration: 37ms
2025-03-27 17:42:10 [INFO]: Request: GET /providers/67c979a26650975a0ea51294/profile | Response: 304 | Duration: 65ms
2025-03-27 17:43:38 [INFO]: Request: GET /providers/services | Response: 304 | Duration: 34ms
2025-03-27 17:43:38 [INFO]: Request: GET /providers/67c979a26650975a0ea51294/profile | Response: 304 | Duration: 64ms
2025-03-27 17:44:11 [INFO]: Request: GET /providers/services | Response: 304 | Duration: 43ms
2025-03-27 17:44:11 [INFO]: Request: GET /providers/67c979a26650975a0ea51294/profile | Response: 304 | Duration: 67ms
2025-03-27 17:44:15 [INFO]: Request: GET /providers/services | Response: 304 | Duration: 36ms
2025-03-27 17:44:15 [INFO]: Request: GET /providers/67c979a26650975a0ea51294/profile | Response: 304 | Duration: 65ms
2025-03-27 17:45:48 [INFO]: Request: GET /providers/services | Response: 304 | Duration: 40ms
2025-03-27 17:45:48 [INFO]: Request: GET /providers/67c979a26650975a0ea51294/profile | Response: 304 | Duration: 72ms
2025-03-27 17:46:30 [INFO]: Request: GET /providers/services | Response: 304 | Duration: 40ms
2025-03-27 17:46:30 [INFO]: Request: GET /providers/67c979a26650975a0ea51294/profile | Response: 304 | Duration: 70ms
2025-03-27 17:46:59 [INFO]: Request: GET /providers/services | Response: 304 | Duration: 41ms
2025-03-27 17:46:59 [INFO]: Request: GET /providers/67c979a26650975a0ea51294/profile | Response: 304 | Duration: 75ms
2025-03-27 17:47:00 [INFO]: Request: GET /providers/services | Response: 304 | Duration: 40ms
2025-03-27 17:47:00 [INFO]: Request: GET /providers/67c979a26650975a0ea51294/profile | Response: 304 | Duration: 71ms
2025-03-27 17:47:08 [WARN]: Request: GET /providers/67c979a26650975a0ea51294/profile | Response: 401 | Duration: 1ms
2025-03-27 17:47:08 [INFO]: Request: POST /providers/refresh-token | Response: 200 | Duration: 4ms
2025-03-27 17:47:08 [INFO]: Request: GET /providers/services | Response: 304 | Duration: 35ms
2025-03-27 17:47:08 [INFO]: Request: GET /providers/67c979a26650975a0ea51294/profile | Response: 304 | Duration: 80ms
2025-03-27 17:47:11 [INFO]: Request: GET /providers/67c979a26650975a0ea51294/dashboard?revenueBy=monthly&hoursBy=daily | Response: 304 | Duration: 87ms
2025-03-27 17:48:11 [INFO]: Request: GET /providers/67c979a26650975a0ea51294/dashboard?revenueBy=monthly&hoursBy=daily | Response: 304 | Duration: 83ms
2025-03-27 17:51:27 [INFO]: Request: GET /providers/67c979a26650975a0ea51294/dashboard?revenueBy=monthly&hoursBy=daily | Response: 304 | Duration: 100ms
2025-03-27 17:51:31 [INFO]: Request: GET /providers/67c979a26650975a0ea51294/notifications/count | Response: 304 | Duration: 72ms
2025-03-27 17:51:31 [INFO]: Request: GET /providers/67c979a26650975a0ea51294/dashboard?revenueBy=monthly&hoursBy=daily | Response: 304 | Duration: 68ms
2025-03-27 17:51:33 [INFO]: Request: GET /providers/67c979a26650975a0ea51294/notifications/count | Response: 304 | Duration: 94ms
2025-03-27 17:51:33 [INFO]: Request: GET /providers/67c979a26650975a0ea51294/dashboard?revenueBy=monthly&hoursBy=daily | Response: 304 | Duration: 94ms
2025-03-27 17:52:56 [WARN]: Request: GET /providers/67c979a26650975a0ea51294/dashboard?revenueBy=monthly&hoursBy=daily | Response: 401 | Duration: 2ms
2025-03-27 17:52:56 [INFO]: Request: POST /providers/refresh-token | Response: 200 | Duration: 5ms
2025-03-27 17:52:56 [INFO]: Request: GET /providers/67c979a26650975a0ea51294/dashboard?revenueBy=monthly&hoursBy=daily | Response: 304 | Duration: 78ms
2025-03-27 17:53:05 [INFO]: Request: GET /providers/67c979a26650975a0ea51294/dashboard?revenueBy=monthly&hoursBy=daily | Response: 304 | Duration: 78ms
2025-03-27 17:53:12 [INFO]: Request: GET /providers/67c979a26650975a0ea51294/dashboard?revenueBy=monthly&hoursBy=daily | Response: 304 | Duration: 76ms
2025-03-27 17:53:38 [INFO]: Request: GET /providers/67c979a26650975a0ea51294/dashboard?revenueBy=monthly&hoursBy=daily | Response: 304 | Duration: 88ms
2025-03-27 17:53:40 [INFO]: Request: GET /providers/67c979a26650975a0ea51294/dashboard?revenueBy=monthly&hoursBy=daily | Response: 304 | Duration: 74ms
2025-03-27 17:53:44 [INFO]: Request: GET /providers/67c979a26650975a0ea51294/dashboard?revenueBy=monthly&hoursBy=daily | Response: 304 | Duration: 75ms
2025-03-27 17:53:45 [INFO]: Request: GET /providers/67c979a26650975a0ea51294/dashboard?revenueBy=monthly&hoursBy=daily | Response: 304 | Duration: 78ms
2025-03-27 17:53:57 [INFO]: Request: GET /providers/67c979a26650975a0ea51294/dashboard?revenueBy=monthly&hoursBy=daily | Response: 304 | Duration: 76ms
2025-03-27 17:54:15 [INFO]: Request: GET /providers/services | Response: 304 | Duration: 32ms
2025-03-27 17:54:15 [INFO]: Request: GET /providers/67c979a26650975a0ea51294/profile | Response: 304 | Duration: 71ms
2025-03-27 17:54:16 [INFO]: Request: GET /providers/67c979a26650975a0ea51294/dashboard?revenueBy=monthly&hoursBy=daily | Response: 304 | Duration: 72ms
2025-03-27 17:54:19 [INFO]: Request: GET /providers/67c979a26650975a0ea51294/bookings?page=1 | Response: 304 | Duration: 111ms
2025-03-27 17:54:19 [INFO]: Request: GET /providers/services | Response: 304 | Duration: 32ms
2025-03-27 17:54:19 [INFO]: Request: GET /providers/67c979a26650975a0ea51294/profile | Response: 304 | Duration: 70ms
2025-03-27 17:54:21 [INFO]: Request: GET /providers/67c979a26650975a0ea51294/bookings?page=1 | Response: 304 | Duration: 108ms
2025-03-27 17:54:23 [INFO]: Request: GET /providers/bookings/67dea362179027066536757e | Response: 304 | Duration: 75ms
2025-03-27 17:54:28 [WARN]: Request: GET /users/67b73ccff9abd4290f863a3d/bookings?page=1 | Response: 401 | Duration: 1ms
2025-03-27 17:54:28 [INFO]: Request: POST /users/refresh-token | Response: 200 | Duration: 3ms
2025-03-27 17:54:28 [INFO]: Request: GET /users/67b73ccff9abd4290f863a3d/bookings?page=1 | Response: 304 | Duration: 108ms
2025-03-27 17:54:29 [INFO]: Request: GET /users/bookings/67dea362179027066536757e | Response: 304 | Duration: 70ms
2025-03-27 17:54:54 [INFO]: Request: GET /providers/bookings/67dea362179027066536757e | Response: 304 | Duration: 77ms
2025-03-27 17:54:55 [INFO]: Request: GET /users/bookings/67dea362179027066536757e | Response: 304 | Duration: 74ms
2025-03-27 17:55:14 [INFO]: Request: GET /providers/bookings/67dea362179027066536757e | Response: 304 | Duration: 73ms
2025-03-27 17:55:14 [INFO]: Request: GET /users/bookings/67dea362179027066536757e | Response: 304 | Duration: 71ms
2025-03-27 17:55:21 [INFO]: Request: GET /providers/services | Response: 304 | Duration: 32ms
2025-03-27 17:55:21 [INFO]: Request: GET /providers/67c979a26650975a0ea51294/profile | Response: 304 | Duration: 73ms
2025-03-27 17:55:21 [INFO]: Request: GET /providers/67c979a26650975a0ea51294/bookings?page=1 | Response: 304 | Duration: 110ms
2025-03-27 17:55:22 [WARN]: Request: GET /providers/67c979a26650975a0ea51294/schedules?date=2025-03-27 | Response: 404 | Duration: 73ms
2025-03-27 17:55:23 [INFO]: Request: GET /providers/67c979a26650975a0ea51294/bookings?page=1 | Response: 304 | Duration: 113ms
2025-03-27 17:55:24 [INFO]: Request: GET /providers/bookings/67dea362179027066536757e | Response: 304 | Duration: 134ms
2025-03-27 17:55:26 [WARN]: Request: GET /providers/67c979a26650975a0ea51294/schedules?date=2025-03-27 | Response: 404 | Duration: 71ms
2025-03-27 17:55:32 [INFO]: Request: GET /providers/67c979a26650975a0ea51294/bookings?page=1 | Response: 304 | Duration: 109ms
2025-03-27 17:55:33 [WARN]: Request: GET /providers/67c979a26650975a0ea51294/schedules?date=2025-03-27 | Response: 404 | Duration: 71ms
2025-03-27 17:58:11 [WARN]: Request: GET /providers/67c979a26650975a0ea51294/schedules?date=2025-03-27 | Response: 401 | Duration: 3ms
2025-03-27 17:58:11 [INFO]: Request: POST /providers/refresh-token | Response: 200 | Duration: 4ms
2025-03-27 17:58:12 [WARN]: Request: GET /providers/67c979a26650975a0ea51294/schedules?date=2025-03-27 | Response: 404 | Duration: 73ms
2025-03-27 17:58:23 [WARN]: Request: GET /providers/67c979a26650975a0ea51294/schedules?date=2025-03-27 | Response: 404 | Duration: 72ms
2025-03-27 17:58:31 [WARN]: Request: GET /providers/67c979a26650975a0ea51294/schedules?date=2025-03-27 | Response: 404 | Duration: 74ms
2025-03-27 17:59:14 [INFO]: Request: GET /providers/67c979a26650975a0ea51294/notifications/count | Response: 304 | Duration: 72ms
2025-03-27 17:59:14 [WARN]: Request: GET /providers/67c979a26650975a0ea51294/schedules?date=2025-03-27 | Response: 404 | Duration: 69ms
2025-03-27 17:59:16 [INFO]: Request: GET /providers/67c979a26650975a0ea51294/bookings?page=1 | Response: 304 | Duration: 113ms
2025-03-27 17:59:17 [WARN]: Request: GET /providers/67c979a26650975a0ea51294/schedules?date=2025-03-27 | Response: 404 | Duration: 70ms
2025-03-27 17:59:19 [INFO]: Request: GET /providers/67c979a26650975a0ea51294/booking-requests | Response: 200 | Duration: 74ms
2025-03-27 18:08:43 [WARN]: Request: GET /providers/67c979a26650975a0ea51294/notifications/count | Response: 401 | Duration: 2ms
2025-03-27 18:08:43 [WARN]: Request: GET /providers/67c979a26650975a0ea51294/booking-requests | Response: 401 | Duration: 2ms
2025-03-27 18:08:43 [INFO]: Request: POST /providers/refresh-token | Response: 200 | Duration: 6ms
2025-03-27 18:08:43 [INFO]: Request: POST /providers/refresh-token | Response: 200 | Duration: 5ms
2025-03-27 18:08:43 [INFO]: Request: GET /providers/67c979a26650975a0ea51294/booking-requests | Response: 304 | Duration: 65ms
2025-03-27 18:08:43 [INFO]: Request: GET /providers/67c979a26650975a0ea51294/notifications/count | Response: 304 | Duration: 73ms
2025-03-27 18:09:07 [INFO]: Request: GET /providers/67c979a26650975a0ea51294/notifications/count | Response: 304 | Duration: 72ms
2025-03-27 18:09:07 [INFO]: Request: GET /providers/67c979a26650975a0ea51294/booking-requests | Response: 304 | Duration: 65ms
2025-03-27 18:11:00 [INFO]: Request: GET /providers/67c979a26650975a0ea51294/notifications/count | Response: 304 | Duration: 61ms
2025-03-27 18:11:00 [INFO]: Request: GET /providers/67c979a26650975a0ea51294/booking-requests | Response: 304 | Duration: 71ms
2025-03-27 18:11:17 [INFO]: Request: GET /providers/67c979a26650975a0ea51294/notifications/count | Response: 304 | Duration: 73ms
2025-03-27 18:11:17 [INFO]: Request: GET /providers/67c979a26650975a0ea51294/booking-requests | Response: 304 | Duration: 73ms
2025-03-27 18:11:55 [WARN]: Request: GET /providers/67c979a26650975a0ea51294/schedules?date=2025-03-27 | Response: 404 | Duration: 62ms
2025-03-27 18:14:12 [INFO]: Request: GET /providers/sign-out | Response: 200 | Duration: 1ms
2025-03-27 18:14:29 [INFO]: Request: POST /providers/sign-in | Response: 200 | Duration: 103ms
2025-03-27 18:14:29 [INFO]: Request: GET /providers/services | Response: 304 | Duration: 36ms
2025-03-27 18:14:29 [INFO]: Request: GET /providers/67c979a26650975a0ea51294/profile | Response: 304 | Duration: 70ms
2025-03-27 18:14:32 [INFO]: Request: GET /providers/67c979a26650975a0ea51294/booking-requests | Response: 304 | Duration: 66ms
2025-03-27 18:14:44 [INFO]: Request: GET /providers/67c979a26650975a0ea51294/booking-requests | Response: 304 | Duration: 64ms
2025-03-27 18:14:52 [INFO]: Request: GET /providers/67c979a26650975a0ea51294/booking-requests | Response: 304 | Duration: 68ms
2025-03-27 18:14:57 [INFO]: Request: GET /providers/67c979a26650975a0ea51294/dashboard?revenueBy=monthly&hoursBy=daily | Response: 304 | Duration: 69ms
2025-03-27 18:14:58 [INFO]: Request: GET /providers/services | Response: 304 | Duration: 35ms
2025-03-27 18:14:58 [INFO]: Request: GET /providers/67c979a26650975a0ea51294/profile | Response: 304 | Duration: 63ms
2025-03-27 18:14:59 [INFO]: Request: GET /providers/67c979a26650975a0ea51294/bookings?page=1 | Response: 304 | Duration: 97ms
2025-03-27 18:14:59 [INFO]: Request: GET /providers/67c979a26650975a0ea51294/booking-requests | Response: 304 | Duration: 62ms
2025-03-27 18:15:00 [WARN]: Request: GET /providers/67c979a26650975a0ea51294/schedules?date=2025-03-27 | Response: 404 | Duration: 63ms
2025-03-27 21:45:31 [WARN]: Request: GET /providers/67c979a26650975a0ea51294/schedules?date=2025-03-28 | Response: 401 | Duration: 1ms
2025-03-27 21:45:31 [INFO]: Request: POST /providers/refresh-token | Response: 200 | Duration: 5ms
2025-03-27 21:45:31 [WARN]: Request: GET /providers/67c979a26650975a0ea51294/schedules?date=2025-03-28 | Response: 404 | Duration: 289ms
2025-03-27 21:45:32 [WARN]: Request: GET /providers/67c979a26650975a0ea51294/schedules?date=2025-03-29 | Response: 404 | Duration: 74ms
2025-03-27 21:45:32 [WARN]: Request: GET /providers/67c979a26650975a0ea51294/schedules?date=2025-03-28 | Response: 404 | Duration: 73ms
2025-03-27 21:45:33 [WARN]: Request: GET /providers/67c979a26650975a0ea51294/schedules?date=2025-03-27 | Response: 404 | Duration: 72ms
2025-03-27 21:45:35 [INFO]: Request: GET /providers/67c979a26650975a0ea51294/booking-requests | Response: 304 | Duration: 75ms
2025-03-27 21:45:36 [WARN]: Request: GET /providers/67c979a26650975a0ea51294/schedules?date=2025-03-27 | Response: 404 | Duration: 73ms
2025-03-27 21:45:37 [INFO]: Request: GET /providers/services | Response: 304 | Duration: 48ms
2025-03-27 21:45:37 [INFO]: Request: GET /providers/67c979a26650975a0ea51294/profile | Response: 304 | Duration: 343ms
2025-03-27 21:45:40 [INFO]: Request: GET /providers/67c979a26650975a0ea51294/dashboard?revenueBy=monthly&hoursBy=daily | Response: 304 | Duration: 77ms
2025-03-27 21:45:49 [INFO]: Request: GET /providers/services | Response: 304 | Duration: 40ms
2025-03-27 21:45:49 [INFO]: Request: GET /providers/67c979a26650975a0ea51294/profile | Response: 304 | Duration: 71ms
2025-03-27 21:45:50 [INFO]: Request: GET /providers/67c979a26650975a0ea51294/bookings?page=1 | Response: 304 | Duration: 108ms
2025-03-27 21:45:51 [INFO]: Request: GET /providers/67c979a26650975a0ea51294/dashboard?revenueBy=monthly&hoursBy=daily | Response: 304 | Duration: 74ms
2025-03-27 21:45:52 [WARN]: Request: GET /providers/67c979a26650975a0ea51294/schedules?date=2025-03-27 | Response: 404 | Duration: 69ms
2025-03-27 21:45:53 [INFO]: Request: GET /providers/67c979a26650975a0ea51294/booking-requests | Response: 304 | Duration: 71ms
2025-03-27 21:45:54 [INFO]: Request: GET /providers/67c979a26650975a0ea51294/dashboard?revenueBy=monthly&hoursBy=daily | Response: 304 | Duration: 73ms
2025-03-27 21:45:55 [INFO]: Request: GET /providers/services | Response: 304 | Duration: 37ms
2025-03-27 21:45:55 [INFO]: Request: GET /providers/67c979a26650975a0ea51294/profile | Response: 304 | Duration: 70ms
2025-03-27 21:45:56 [INFO]: Request: GET /providers/67c979a26650975a0ea51294/bookings?page=1 | Response: 304 | Duration: 109ms
2025-03-27 21:48:14 [INFO]: Request: GET /users/67b73ccff9abd4290f863a3d/profile | Response: 304 | Duration: 37ms
2025-03-27 21:48:14 [WARN]: Request: GET /users/67b73ccff9abd4290f863a3d/bookings?page=1 | Response: 401 | Duration: 1ms
2025-03-27 21:48:14 [INFO]: Request: POST /users/refresh-token | Response: 200 | Duration: 4ms
2025-03-27 21:48:14 [INFO]: Request: GET /users/67b73ccff9abd4290f863a3d/bookings?page=1 | Response: 304 | Duration: 107ms
2025-03-27 21:48:15 [INFO]: Request: GET /providers/services | Response: 304 | Duration: 35ms
2025-03-27 21:48:15 [INFO]: Request: GET /users/67b73ccff9abd4290f863a3d/addresses | Response: 304 | Duration: 74ms
2025-03-27 21:48:17 [INFO]: Request: GET /users/67b73ccff9abd4290f863a3d/notifications?page=1 | Response: 304 | Duration: 110ms
2025-03-27 21:51:15 [WARN]: Request: GET /providers/67c979a26650975a0ea51294/notifications/count | Response: 401 | Duration: 2ms
2025-03-27 21:51:15 [WARN]: Request: GET /providers/67c979a26650975a0ea51294/bookings?page=1 | Response: 401 | Duration: 3ms
2025-03-27 21:51:15 [INFO]: Request: POST /providers/refresh-token | Response: 200 | Duration: 5ms
2025-03-27 21:51:15 [INFO]: Request: POST /providers/refresh-token | Response: 200 | Duration: 4ms
2025-03-27 21:51:15 [INFO]: Request: GET /providers/67c979a26650975a0ea51294/notifications/count | Response: 304 | Duration: 72ms
2025-03-27 21:51:15 [INFO]: Request: GET /providers/67c979a26650975a0ea51294/bookings?page=1 | Response: 304 | Duration: 113ms
2025-03-27 21:51:15 [INFO]: Request: GET /users/67b73ccff9abd4290f863a3d/notifications/count | Response: 304 | Duration: 76ms
2025-03-27 21:51:15 [INFO]: Request: GET /users/67b73ccff9abd4290f863a3d/notifications?page=1 | Response: 304 | Duration: 110ms
2025-03-27 21:51:19 [WARN]: Request: GET /providers/notifications/67c979a26650975a0ea51294 | Response: 404 | Duration: 5ms
2025-03-27 21:51:20 [INFO]: Request: GET /providers/services | Response: 304 | Duration: 37ms
2025-03-27 21:51:20 [INFO]: Request: GET /providers/67c979a26650975a0ea51294/profile | Response: 304 | Duration: 72ms
2025-03-27 21:51:20 [WARN]: Request: GET /providers/notifications/67c979a26650975a0ea51294 | Response: 404 | Duration: 1ms
2025-03-27 21:52:03 [WARN]: Request: GET /providers/notifications/67c979a26650975a0ea51294 | Response: 404 | Duration: 1ms
2025-03-27 21:52:03 [INFO]: Request: GET /providers/67c979a26650975a0ea51294/notifications/count | Response: 304 | Duration: 73ms
2025-03-27 21:53:02 [INFO]: Request: GET /users/67b73ccff9abd4290f863a3d/notifications/count | Response: 304 | Duration: 72ms
2025-03-27 21:53:02 [INFO]: Request: GET /users/67b73ccff9abd4290f863a3d/notifications?page=1 | Response: 304 | Duration: 117ms
2025-03-27 21:53:02 [WARN]: Request: GET /providers/67c979a26650975a0ea51294/notifications | Response: 404 | Duration: 1ms
2025-03-27 21:53:02 [INFO]: Request: GET /providers/67c979a26650975a0ea51294/notifications/count | Response: 304 | Duration: 72ms
2025-03-27 21:53:05 [WARN]: Request: GET /providers/67c979a26650975a0ea51294/notifications | Response: 404 | Duration: 1ms
2025-03-27 21:53:05 [INFO]: Request: GET /providers/67c979a26650975a0ea51294/notifications/count | Response: 304 | Duration: 72ms
2025-03-27 21:53:09 [WARN]: Request: GET /providers/67c979a26650975a0ea51294/notifications | Response: 404 | Duration: 0ms
2025-03-27 21:53:09 [INFO]: Request: GET /providers/67c979a26650975a0ea51294/notifications/count | Response: 304 | Duration: 73ms
2025-03-27 22:10:51 [WARN]: Request: GET /providers/67c979a26650975a0ea51294/notifications/count | Response: 401 | Duration: 6ms
2025-03-27 22:10:51 [WARN]: Request: GET /providers/67c979a26650975a0ea51294/notifications | Response: 401 | Duration: 4ms
2025-03-27 22:10:51 [INFO]: Request: POST /providers/refresh-token | Response: 200 | Duration: 13ms
2025-03-27 22:10:51 [INFO]: Request: POST /providers/refresh-token | Response: 200 | Duration: 4ms
2025-03-27 22:10:51 [WARN]: Request: GET /providers/67c979a26650975a0ea51294/notifications | Response: 403 | Duration: 3ms
2025-03-27 22:10:51 [INFO]: Request: GET /providers/67c979a26650975a0ea51294/notifications/count | Response: 304 | Duration: 96ms
2025-03-27 22:11:39 [INFO]: Request: GET /providers/67c979a26650975a0ea51294/notifications/count | Response: 304 | Duration: 100ms
2025-03-27 22:11:39 [INFO]: Request: GET /providers/67c979a26650975a0ea51294/notifications | Response: 200 | Duration: 123ms
2025-03-27 22:11:47 [WARN]: Request: PATCH /users/notifications/67dea3351790270665367578 | Response: 403 | Duration: 2ms
2025-03-27 22:11:53 [WARN]: Request: PATCH /users/notifications/67e39dbf6dbec07a1aa2e03b | Response: 403 | Duration: 1ms
2025-03-27 22:12:05 [WARN]: Request: PATCH /users/notifications/67dd9a561d4f706939056bcb | Response: 403 | Duration: 1ms
2025-03-27 22:12:49 [WARN]: Request: GET /providers/67c979a26650975a0ea51294/notifications | Response: 403 | Duration: 6ms
2025-03-27 22:12:49 [INFO]: Request: GET /providers/67c979a26650975a0ea51294/notifications/count | Response: 304 | Duration: 105ms
